{"C:\\Users\\HP\\Desktop\\WebDev(Individual)\\backend\\server.js": {"path":"C:\\Users\\HP\\Desktop\\WebDev(Individual)\\backend\\server.js","statementMap":{"0":{"start":{"line":1,"column":0},"end":{"line":1,"column":27}},"1":{"start":{"line":3,"column":16},"end":{"line":3,"column":34}},"2":{"start":{"line":4,"column":16},"end":{"line":4,"column":31}},"3":{"start":{"line":5,"column":16},"end":{"line":5,"column":40}},"4":{"start":{"line":7,"column":18},"end":{"line":7,"column":46}},"5":{"start":{"line":8,"column":21},"end":{"line":8,"column":52}},"6":{"start":{"line":9,"column":21},"end":{"line":9,"column":52}},"7":{"start":{"line":10,"column":17},"end":{"line":10,"column":49}},"8":{"start":{"line":12,"column":13},"end":{"line":12,"column":22}},"9":{"start":{"line":13,"column":13},"end":{"line":13,"column":37}},"10":{"start":{"line":15,"column":20},"end":{"line":15,"column":50}},"11":{"start":{"line":16,"column":21},"end":{"line":16,"column":52}},"12":{"start":{"line":17,"column":26},"end":{"line":17,"column":62}},"13":{"start":{"line":18,"column":19},"end":{"line":18,"column":48}},"14":{"start":{"line":19,"column":22},"end":{"line":19,"column":53}},"15":{"start":{"line":20,"column":22},"end":{"line":20,"column":53}},"16":{"start":{"line":22,"column":0},"end":{"line":25,"column":4}},"17":{"start":{"line":26,"column":0},"end":{"line":26,"column":24}},"18":{"start":{"line":28,"column":0},"end":{"line":28,"column":31}},"19":{"start":{"line":29,"column":0},"end":{"line":31,"column":3}},"20":{"start":{"line":30,"column":2},"end":{"line":30,"column":57}},"21":{"start":{"line":33,"column":0},"end":{"line":40,"column":3}},"22":{"start":{"line":34,"column":2},"end":{"line":39,"column":3}},"23":{"start":{"line":35,"column":19},"end":{"line":35,"column":59}},"24":{"start":{"line":36,"column":4},"end":{"line":36,"column":61}},"25":{"start":{"line":38,"column":4},"end":{"line":38,"column":67}},"26":{"start":{"line":42,"column":0},"end":{"line":42,"column":27}},"27":{"start":{"line":43,"column":0},"end":{"line":43,"column":39}},"28":{"start":{"line":44,"column":0},"end":{"line":44,"column":39}},"29":{"start":{"line":45,"column":0},"end":{"line":45,"column":37}},"30":{"start":{"line":46,"column":0},"end":{"line":46,"column":39}},"31":{"start":{"line":47,"column":0},"end":{"line":47,"column":49}},"32":{"start":{"line":48,"column":0},"end":{"line":48,"column":34}},"33":{"start":{"line":49,"column":0},"end":{"line":49,"column":39}},"34":{"start":{"line":50,"column":0},"end":{"line":50,"column":39}},"35":{"start":{"line":52,"column":18},"end":{"line":70,"column":1}},"36":{"start":{"line":53,"column":17},"end":{"line":53,"column":36}},"37":{"start":{"line":54,"column":13},"end":{"line":54,"column":37}},"38":{"start":{"line":55,"column":16},"end":{"line":55,"column":38}},"39":{"start":{"line":56,"column":2},"end":{"line":69,"column":3}},"40":{"start":{"line":57,"column":21},"end":{"line":57,"column":85}},"41":{"start":{"line":58,"column":4},"end":{"line":66,"column":5}},"42":{"start":{"line":59,"column":19},"end":{"line":59,"column":55}},"43":{"start":{"line":60,"column":6},"end":{"line":64,"column":8}},"44":{"start":{"line":65,"column":6},"end":{"line":65,"column":79}},"45":{"start":{"line":68,"column":4},"end":{"line":68,"column":52}},"46":{"start":{"line":71,"column":0},"end":{"line":71,"column":12}},"47":{"start":{"line":73,"column":0},"end":{"line":77,"column":1}},"48":{"start":{"line":74,"column":2},"end":{"line":76,"column":5}},"49":{"start":{"line":75,"column":4},"end":{"line":75,"column":61}},"50":{"start":{"line":79,"column":0},"end":{"line":79,"column":21}}},"fnMap":{"0":{"name":"(anonymous_0)","decl":{"start":{"line":29,"column":17},"end":{"line":29,"column":18}},"loc":{"start":{"line":29,"column":31},"end":{"line":31,"column":1}},"line":29},"1":{"name":"(anonymous_1)","decl":{"start":{"line":33,"column":20},"end":{"line":33,"column":21}},"loc":{"start":{"line":33,"column":40},"end":{"line":40,"column":1}},"line":33},"2":{"name":"(anonymous_2)","decl":{"start":{"line":52,"column":18},"end":{"line":52,"column":19}},"loc":{"start":{"line":52,"column":30},"end":{"line":70,"column":1}},"line":52},"3":{"name":"(anonymous_3)","decl":{"start":{"line":74,"column":19},"end":{"line":74,"column":20}},"loc":{"start":{"line":74,"column":25},"end":{"line":76,"column":3}},"line":74}},"branchMap":{"0":{"loc":{"start":{"line":13,"column":13},"end":{"line":13,"column":37}},"type":"binary-expr","locations":[{"start":{"line":13,"column":13},"end":{"line":13,"column":29}},{"start":{"line":13,"column":33},"end":{"line":13,"column":37}}],"line":13},"1":{"loc":{"start":{"line":23,"column":10},"end":{"line":23,"column":61}},"type":"binary-expr","locations":[{"start":{"line":23,"column":10},"end":{"line":23,"column":34}},{"start":{"line":23,"column":38},"end":{"line":23,"column":61}}],"line":23},"2":{"loc":{"start":{"line":58,"column":4},"end":{"line":66,"column":5}},"type":"if","locations":[{"start":{"line":58,"column":4},"end":{"line":66,"column":5}},{"start":{},"end":{}}],"line":58},"3":{"loc":{"start":{"line":73,"column":0},"end":{"line":77,"column":1}},"type":"if","locations":[{"start":{"line":73,"column":0},"end":{"line":77,"column":1}},{"start":{},"end":{}}],"line":73}},"s":{"0":6,"1":6,"2":6,"3":6,"4":6,"5":6,"6":6,"7":6,"8":6,"9":6,"10":6,"11":6,"12":6,"13":6,"14":6,"15":6,"16":6,"17":6,"18":6,"19":6,"20":0,"21":6,"22":0,"23":0,"24":0,"25":0,"26":6,"27":6,"28":6,"29":6,"30":6,"31":6,"32":6,"33":6,"34":6,"35":6,"36":6,"37":6,"38":6,"39":6,"40":6,"41":5,"42":0,"43":0,"44":0,"45":0,"46":6,"47":6,"48":0,"49":0,"50":6},"f":{"0":0,"1":0,"2":6,"3":0},"b":{"0":[6,0],"1":[6,0],"2":[0,5],"3":[0,6]},"_coverageSchema":"1a1c01bbd47fc00a2c39e90264f33305004495a9","hash":"8a895735590734ac0ce67d995d48c67eef472298"}
,"C:\\Users\\HP\\Desktop\\WebDev(Individual)\\backend\\controller\\adminController.js": {"path":"C:\\Users\\HP\\Desktop\\WebDev(Individual)\\backend\\controller\\adminController.js","statementMap":{"0":{"start":{"line":1,"column":19},"end":{"line":1,"column":49}},"1":{"start":{"line":2,"column":26},"end":{"line":2,"column":63}},"2":{"start":{"line":4,"column":17},"end":{"line":12,"column":1}},"3":{"start":{"line":5,"column":2},"end":{"line":11,"column":3}},"4":{"start":{"line":6,"column":18},"end":{"line":6,"column":45}},"5":{"start":{"line":7,"column":4},"end":{"line":7,"column":57}},"6":{"start":{"line":9,"column":4},"end":{"line":9,"column":53}},"7":{"start":{"line":10,"column":4},"end":{"line":10,"column":70}},"8":{"start":{"line":14,"column":27},"end":{"line":21,"column":1}},"9":{"start":{"line":15,"column":2},"end":{"line":20,"column":3}},"10":{"start":{"line":16,"column":21},"end":{"line":16,"column":58}},"11":{"start":{"line":17,"column":4},"end":{"line":17,"column":60}},"12":{"start":{"line":19,"column":4},"end":{"line":19,"column":70}},"13":{"start":{"line":23,"column":22},"end":{"line":49,"column":1}},"14":{"start":{"line":24,"column":2},"end":{"line":48,"column":3}},"15":{"start":{"line":25,"column":23},"end":{"line":25,"column":31}},"16":{"start":{"line":26,"column":4},"end":{"line":28,"column":5}},"17":{"start":{"line":27,"column":6},"end":{"line":27,"column":102}},"18":{"start":{"line":30,"column":18},"end":{"line":30,"column":67}},"19":{"start":{"line":31,"column":4},"end":{"line":33,"column":5}},"20":{"start":{"line":32,"column":6},"end":{"line":32,"column":84}},"21":{"start":{"line":35,"column":20},"end":{"line":35,"column":76}},"22":{"start":{"line":37,"column":4},"end":{"line":42,"column":23}},"23":{"start":{"line":44,"column":4},"end":{"line":44,"column":89}},"24":{"start":{"line":46,"column":4},"end":{"line":46,"column":56}},"25":{"start":{"line":47,"column":4},"end":{"line":47,"column":70}},"26":{"start":{"line":51,"column":17},"end":{"line":58,"column":1}},"27":{"start":{"line":52,"column":2},"end":{"line":57,"column":3}},"28":{"start":{"line":53,"column":18},"end":{"line":53,"column":48}},"29":{"start":{"line":54,"column":4},"end":{"line":54,"column":57}},"30":{"start":{"line":56,"column":4},"end":{"line":56,"column":70}},"31":{"start":{"line":60,"column":19},"end":{"line":69,"column":1}},"32":{"start":{"line":61,"column":2},"end":{"line":68,"column":3}},"33":{"start":{"line":62,"column":26},"end":{"line":62,"column":34}},"34":{"start":{"line":63,"column":17},"end":{"line":63,"column":73}},"35":{"start":{"line":64,"column":4},"end":{"line":64,"column":90}},"36":{"start":{"line":64,"column":15},"end":{"line":64,"column":90}},"37":{"start":{"line":65,"column":4},"end":{"line":65,"column":56}},"38":{"start":{"line":67,"column":4},"end":{"line":67,"column":70}},"39":{"start":{"line":71,"column":20},"end":{"line":78,"column":1}},"40":{"start":{"line":72,"column":2},"end":{"line":77,"column":3}},"41":{"start":{"line":73,"column":21},"end":{"line":73,"column":54}},"42":{"start":{"line":74,"column":4},"end":{"line":74,"column":60}},"43":{"start":{"line":76,"column":4},"end":{"line":76,"column":70}},"44":{"start":{"line":80,"column":0},"end":{"line":83,"column":2}}},"fnMap":{"0":{"name":"(anonymous_0)","decl":{"start":{"line":4,"column":17},"end":{"line":4,"column":18}},"loc":{"start":{"line":4,"column":37},"end":{"line":12,"column":1}},"line":4},"1":{"name":"(anonymous_1)","decl":{"start":{"line":14,"column":27},"end":{"line":14,"column":28}},"loc":{"start":{"line":14,"column":47},"end":{"line":21,"column":1}},"line":14},"2":{"name":"(anonymous_2)","decl":{"start":{"line":23,"column":22},"end":{"line":23,"column":23}},"loc":{"start":{"line":23,"column":42},"end":{"line":49,"column":1}},"line":23},"3":{"name":"(anonymous_3)","decl":{"start":{"line":42,"column":13},"end":{"line":42,"column":14}},"loc":{"start":{"line":42,"column":19},"end":{"line":42,"column":21}},"line":42},"4":{"name":"(anonymous_4)","decl":{"start":{"line":51,"column":17},"end":{"line":51,"column":18}},"loc":{"start":{"line":51,"column":37},"end":{"line":58,"column":1}},"line":51},"5":{"name":"(anonymous_5)","decl":{"start":{"line":60,"column":19},"end":{"line":60,"column":20}},"loc":{"start":{"line":60,"column":39},"end":{"line":69,"column":1}},"line":60},"6":{"name":"(anonymous_6)","decl":{"start":{"line":71,"column":20},"end":{"line":71,"column":21}},"loc":{"start":{"line":71,"column":40},"end":{"line":78,"column":1}},"line":71}},"branchMap":{"0":{"loc":{"start":{"line":26,"column":4},"end":{"line":28,"column":5}},"type":"if","locations":[{"start":{"line":26,"column":4},"end":{"line":28,"column":5}},{"start":{},"end":{}}],"line":26},"1":{"loc":{"start":{"line":31,"column":4},"end":{"line":33,"column":5}},"type":"if","locations":[{"start":{"line":31,"column":4},"end":{"line":33,"column":5}},{"start":{},"end":{}}],"line":31},"2":{"loc":{"start":{"line":64,"column":4},"end":{"line":64,"column":90}},"type":"if","locations":[{"start":{"line":64,"column":4},"end":{"line":64,"column":90}},{"start":{},"end":{}}],"line":64}},"s":{"0":6,"1":6,"2":6,"3":0,"4":0,"5":0,"6":0,"7":0,"8":6,"9":0,"10":0,"11":0,"12":0,"13":6,"14":0,"15":0,"16":0,"17":0,"18":0,"19":0,"20":0,"21":0,"22":0,"23":0,"24":0,"25":0,"26":6,"27":0,"28":0,"29":0,"30":0,"31":6,"32":0,"33":0,"34":0,"35":0,"36":0,"37":0,"38":0,"39":6,"40":0,"41":0,"42":0,"43":0,"44":6},"f":{"0":0,"1":0,"2":0,"3":0,"4":0,"5":0,"6":0},"b":{"0":[0,0],"1":[0,0],"2":[0,0]},"_coverageSchema":"1a1c01bbd47fc00a2c39e90264f33305004495a9","hash":"2bc01459cd01cf5ad39f137c9e498349e8558945"}
,"C:\\Users\\HP\\Desktop\\WebDev(Individual)\\backend\\controller\\authController.js": {"path":"C:\\Users\\HP\\Desktop\\WebDev(Individual)\\backend\\controller\\authController.js","statementMap":{"0":{"start":{"line":1,"column":15},"end":{"line":1,"column":34}},"1":{"start":{"line":2,"column":18},"end":{"line":2,"column":47}},"2":{"start":{"line":3,"column":25},"end":{"line":3,"column":59}},"3":{"start":{"line":5,"column":20},"end":{"line":5,"column":77}},"4":{"start":{"line":5,"column":26},"end":{"line":5,"column":77}},"5":{"start":{"line":7,"column":21},"end":{"line":31,"column":1}},"6":{"start":{"line":8,"column":2},"end":{"line":30,"column":3}},"7":{"start":{"line":9,"column":22},"end":{"line":9,"column":30}},"8":{"start":{"line":10,"column":4},"end":{"line":12,"column":5}},"9":{"start":{"line":11,"column":6},"end":{"line":11,"column":84}},"10":{"start":{"line":14,"column":17},"end":{"line":14,"column":55}},"11":{"start":{"line":16,"column":4},"end":{"line":21,"column":5}},"12":{"start":{"line":17,"column":18},"end":{"line":17,"column":31}},"13":{"start":{"line":18,"column":24},"end":{"line":18,"column":61}},"14":{"start":{"line":19,"column":6},"end":{"line":19,"column":53}},"15":{"start":{"line":20,"column":6},"end":{"line":20,"column":37}},"16":{"start":{"line":23,"column":4},"end":{"line":26,"column":7}},"17":{"start":{"line":28,"column":4},"end":{"line":28,"column":55}},"18":{"start":{"line":29,"column":4},"end":{"line":29,"column":70}},"19":{"start":{"line":33,"column":18},"end":{"line":50,"column":1}},"20":{"start":{"line":34,"column":2},"end":{"line":49,"column":3}},"21":{"start":{"line":35,"column":27},"end":{"line":35,"column":35}},"22":{"start":{"line":36,"column":4},"end":{"line":38,"column":5}},"23":{"start":{"line":37,"column":6},"end":{"line":37,"column":94}},"24":{"start":{"line":40,"column":19},"end":{"line":40,"column":59}},"25":{"start":{"line":41,"column":4},"end":{"line":43,"column":5}},"26":{"start":{"line":42,"column":6},"end":{"line":42,"column":90}},"27":{"start":{"line":45,"column":4},"end":{"line":45,"column":70}},"28":{"start":{"line":47,"column":4},"end":{"line":47,"column":52}},"29":{"start":{"line":48,"column":4},"end":{"line":48,"column":70}},"30":{"start":{"line":52,"column":22},"end":{"line":76,"column":1}},"31":{"start":{"line":53,"column":2},"end":{"line":75,"column":3}},"32":{"start":{"line":54,"column":41},"end":{"line":54,"column":49}},"33":{"start":{"line":55,"column":4},"end":{"line":57,"column":5}},"34":{"start":{"line":56,"column":6},"end":{"line":56,"column":90}},"35":{"start":{"line":58,"column":4},"end":{"line":60,"column":5}},"36":{"start":{"line":59,"column":6},"end":{"line":59,"column":105}},"37":{"start":{"line":62,"column":19},"end":{"line":62,"column":59}},"38":{"start":{"line":63,"column":4},"end":{"line":65,"column":5}},"39":{"start":{"line":64,"column":6},"end":{"line":64,"column":90}},"40":{"start":{"line":67,"column":17},"end":{"line":67,"column":52}},"41":{"start":{"line":68,"column":4},"end":{"line":68,"column":48}},"42":{"start":{"line":69,"column":4},"end":{"line":69,"column":43}},"43":{"start":{"line":71,"column":4},"end":{"line":71,"column":105}},"44":{"start":{"line":73,"column":4},"end":{"line":73,"column":56}},"45":{"start":{"line":74,"column":4},"end":{"line":74,"column":70}},"46":{"start":{"line":78,"column":12},"end":{"line":78,"column":35}},"47":{"start":{"line":80,"column":18},"end":{"line":81,"column":77}},"48":{"start":{"line":81,"column":2},"end":{"line":81,"column":77}},"49":{"start":{"line":83,"column":23},"end":{"line":114,"column":1}},"50":{"start":{"line":84,"column":2},"end":{"line":113,"column":3}},"51":{"start":{"line":85,"column":23},"end":{"line":85,"column":31}},"52":{"start":{"line":87,"column":15},"end":{"line":87,"column":71}},"53":{"start":{"line":89,"column":4},"end":{"line":95,"column":5}},"54":{"start":{"line":90,"column":23},"end":{"line":90,"column":72}},"55":{"start":{"line":91,"column":6},"end":{"line":94,"column":7}},"56":{"start":{"line":92,"column":8},"end":{"line":92,"column":72}},"57":{"start":{"line":93,"column":8},"end":{"line":93,"column":24}},"58":{"start":{"line":97,"column":4},"end":{"line":100,"column":5}},"59":{"start":{"line":98,"column":20},"end":{"line":98,"column":49}},"60":{"start":{"line":99,"column":6},"end":{"line":99,"column":87}},"61":{"start":{"line":102,"column":25},"end":{"line":107,"column":5}},"62":{"start":{"line":109,"column":4},"end":{"line":109,"column":87}},"63":{"start":{"line":111,"column":4},"end":{"line":111,"column":57}},"64":{"start":{"line":112,"column":4},"end":{"line":112,"column":74}},"65":{"start":{"line":116,"column":29},"end":{"line":153,"column":1}},"66":{"start":{"line":117,"column":2},"end":{"line":152,"column":3}},"67":{"start":{"line":118,"column":36},"end":{"line":118,"column":44}},"68":{"start":{"line":119,"column":4},"end":{"line":121,"column":5}},"69":{"start":{"line":120,"column":6},"end":{"line":120,"column":88}},"70":{"start":{"line":122,"column":4},"end":{"line":124,"column":5}},"71":{"start":{"line":123,"column":6},"end":{"line":123,"column":79}},"72":{"start":{"line":127,"column":4},"end":{"line":131,"column":5}},"73":{"start":{"line":128,"column":6},"end":{"line":128,"column":66}},"74":{"start":{"line":130,"column":6},"end":{"line":130,"column":108}},"75":{"start":{"line":133,"column":21},"end":{"line":133,"column":74}},"76":{"start":{"line":134,"column":4},"end":{"line":137,"column":5}},"77":{"start":{"line":135,"column":20},"end":{"line":135,"column":57}},"78":{"start":{"line":136,"column":6},"end":{"line":136,"column":70}},"79":{"start":{"line":139,"column":17},"end":{"line":145,"column":6}},"80":{"start":{"line":147,"column":18},"end":{"line":147,"column":47}},"81":{"start":{"line":148,"column":4},"end":{"line":148,"column":61}},"82":{"start":{"line":150,"column":4},"end":{"line":150,"column":64}},"83":{"start":{"line":151,"column":4},"end":{"line":151,"column":70}},"84":{"start":{"line":155,"column":0},"end":{"line":155,"column":97}}},"fnMap":{"0":{"name":"(anonymous_0)","decl":{"start":{"line":5,"column":20},"end":{"line":5,"column":21}},"loc":{"start":{"line":5,"column":26},"end":{"line":5,"column":77}},"line":5},"1":{"name":"(anonymous_1)","decl":{"start":{"line":7,"column":21},"end":{"line":7,"column":22}},"loc":{"start":{"line":7,"column":41},"end":{"line":31,"column":1}},"line":7},"2":{"name":"(anonymous_2)","decl":{"start":{"line":33,"column":18},"end":{"line":33,"column":19}},"loc":{"start":{"line":33,"column":38},"end":{"line":50,"column":1}},"line":33},"3":{"name":"(anonymous_3)","decl":{"start":{"line":52,"column":22},"end":{"line":52,"column":23}},"loc":{"start":{"line":52,"column":42},"end":{"line":76,"column":1}},"line":52},"4":{"name":"(anonymous_4)","decl":{"start":{"line":80,"column":18},"end":{"line":80,"column":19}},"loc":{"start":{"line":81,"column":2},"end":{"line":81,"column":77}},"line":81},"5":{"name":"(anonymous_5)","decl":{"start":{"line":83,"column":23},"end":{"line":83,"column":24}},"loc":{"start":{"line":83,"column":43},"end":{"line":114,"column":1}},"line":83},"6":{"name":"(anonymous_6)","decl":{"start":{"line":116,"column":29},"end":{"line":116,"column":30}},"loc":{"start":{"line":116,"column":49},"end":{"line":153,"column":1}},"line":116}},"branchMap":{"0":{"loc":{"start":{"line":10,"column":4},"end":{"line":12,"column":5}},"type":"if","locations":[{"start":{"line":10,"column":4},"end":{"line":12,"column":5}},{"start":{},"end":{}}],"line":10},"1":{"loc":{"start":{"line":16,"column":4},"end":{"line":21,"column":5}},"type":"if","locations":[{"start":{"line":16,"column":4},"end":{"line":21,"column":5}},{"start":{},"end":{}}],"line":16},"2":{"loc":{"start":{"line":16,"column":8},"end":{"line":16,"column":34}},"type":"binary-expr","locations":[{"start":{"line":16,"column":8},"end":{"line":16,"column":12}},{"start":{"line":16,"column":16},"end":{"line":16,"column":34}}],"line":16},"3":{"loc":{"start":{"line":36,"column":4},"end":{"line":38,"column":5}},"type":"if","locations":[{"start":{"line":36,"column":4},"end":{"line":38,"column":5}},{"start":{},"end":{}}],"line":36},"4":{"loc":{"start":{"line":36,"column":8},"end":{"line":36,"column":22}},"type":"binary-expr","locations":[{"start":{"line":36,"column":8},"end":{"line":36,"column":14}},{"start":{"line":36,"column":18},"end":{"line":36,"column":22}}],"line":36},"5":{"loc":{"start":{"line":41,"column":4},"end":{"line":43,"column":5}},"type":"if","locations":[{"start":{"line":41,"column":4},"end":{"line":43,"column":5}},{"start":{},"end":{}}],"line":41},"6":{"loc":{"start":{"line":55,"column":4},"end":{"line":57,"column":5}},"type":"if","locations":[{"start":{"line":55,"column":4},"end":{"line":57,"column":5}},{"start":{},"end":{}}],"line":55},"7":{"loc":{"start":{"line":55,"column":8},"end":{"line":55,"column":39}},"type":"binary-expr","locations":[{"start":{"line":55,"column":8},"end":{"line":55,"column":14}},{"start":{"line":55,"column":18},"end":{"line":55,"column":22}},{"start":{"line":55,"column":26},"end":{"line":55,"column":39}}],"line":55},"8":{"loc":{"start":{"line":58,"column":4},"end":{"line":60,"column":5}},"type":"if","locations":[{"start":{"line":58,"column":4},"end":{"line":60,"column":5}},{"start":{},"end":{}}],"line":58},"9":{"loc":{"start":{"line":63,"column":4},"end":{"line":65,"column":5}},"type":"if","locations":[{"start":{"line":63,"column":4},"end":{"line":65,"column":5}},{"start":{},"end":{}}],"line":63},"10":{"loc":{"start":{"line":89,"column":4},"end":{"line":95,"column":5}},"type":"if","locations":[{"start":{"line":89,"column":4},"end":{"line":95,"column":5}},{"start":{},"end":{}}],"line":89},"11":{"loc":{"start":{"line":91,"column":6},"end":{"line":94,"column":7}},"type":"if","locations":[{"start":{"line":91,"column":6},"end":{"line":94,"column":7}},{"start":{},"end":{}}],"line":91},"12":{"loc":{"start":{"line":97,"column":4},"end":{"line":100,"column":5}},"type":"if","locations":[{"start":{"line":97,"column":4},"end":{"line":100,"column":5}},{"start":{},"end":{}}],"line":97},"13":{"loc":{"start":{"line":119,"column":4},"end":{"line":121,"column":5}},"type":"if","locations":[{"start":{"line":119,"column":4},"end":{"line":121,"column":5}},{"start":{},"end":{}}],"line":119},"14":{"loc":{"start":{"line":119,"column":8},"end":{"line":119,"column":31}},"type":"binary-expr","locations":[{"start":{"line":119,"column":8},"end":{"line":119,"column":22}},{"start":{"line":119,"column":26},"end":{"line":119,"column":31}}],"line":119},"15":{"loc":{"start":{"line":122,"column":4},"end":{"line":124,"column":5}},"type":"if","locations":[{"start":{"line":122,"column":4},"end":{"line":124,"column":5}},{"start":{},"end":{}}],"line":122},"16":{"loc":{"start":{"line":134,"column":4},"end":{"line":137,"column":5}},"type":"if","locations":[{"start":{"line":134,"column":4},"end":{"line":137,"column":5}},{"start":{},"end":{}}],"line":134}},"s":{"0":6,"1":6,"2":6,"3":6,"4":0,"5":6,"6":0,"7":0,"8":0,"9":0,"10":0,"11":0,"12":0,"13":0,"14":0,"15":0,"16":0,"17":0,"18":0,"19":6,"20":0,"21":0,"22":0,"23":0,"24":0,"25":0,"26":0,"27":0,"28":0,"29":0,"30":6,"31":0,"32":0,"33":0,"34":0,"35":0,"36":0,"37":0,"38":0,"39":0,"40":0,"41":0,"42":0,"43":0,"44":0,"45":0,"46":6,"47":6,"48":0,"49":6,"50":0,"51":0,"52":0,"53":0,"54":0,"55":0,"56":0,"57":0,"58":0,"59":0,"60":0,"61":0,"62":0,"63":0,"64":0,"65":6,"66":0,"67":0,"68":0,"69":0,"70":0,"71":0,"72":0,"73":0,"74":0,"75":0,"76":0,"77":0,"78":0,"79":0,"80":0,"81":0,"82":0,"83":0,"84":6},"f":{"0":0,"1":0,"2":0,"3":0,"4":0,"5":0,"6":0},"b":{"0":[0,0],"1":[0,0],"2":[0,0],"3":[0,0],"4":[0,0],"5":[0,0],"6":[0,0],"7":[0,0,0],"8":[0,0],"9":[0,0],"10":[0,0],"11":[0,0],"12":[0,0],"13":[0,0],"14":[0,0],"15":[0,0],"16":[0,0]},"_coverageSchema":"1a1c01bbd47fc00a2c39e90264f33305004495a9","hash":"c9fffd534e0cf257183d7049a8e5fd4c59a831e8"}
,"C:\\Users\\HP\\Desktop\\WebDev(Individual)\\backend\\controller\\bookingController.js": {"path":"C:\\Users\\HP\\Desktop\\WebDev(Individual)\\backend\\controller\\bookingController.js","statementMap":{"0":{"start":{"line":1,"column":21},"end":{"line":1,"column":53}},"1":{"start":{"line":2,"column":26},"end":{"line":2,"column":63}},"2":{"start":{"line":3,"column":33},"end":{"line":3,"column":65}},"3":{"start":{"line":5,"column":29},"end":{"line":5,"column":78}},"4":{"start":{"line":7,"column":26},"end":{"line":14,"column":1}},"5":{"start":{"line":8,"column":16},"end":{"line":8,"column":50}},"6":{"start":{"line":9,"column":13},"end":{"line":9,"column":18}},"7":{"start":{"line":10,"column":2},"end":{"line":12,"column":3}},"8":{"start":{"line":10,"column":15},"end":{"line":10,"column":16}},"9":{"start":{"line":11,"column":4},"end":{"line":11,"column":67}},"10":{"start":{"line":13,"column":2},"end":{"line":13,"column":14}},"11":{"start":{"line":16,"column":20},"end":{"line":21,"column":1}},"12":{"start":{"line":17,"column":12},"end":{"line":17,"column":27}},"13":{"start":{"line":18,"column":12},"end":{"line":18,"column":25}},"14":{"start":{"line":19,"column":15},"end":{"line":19,"column":62}},"15":{"start":{"line":20,"column":2},"end":{"line":20,"column":14}},"16":{"start":{"line":23,"column":22},"end":{"line":109,"column":1}},"17":{"start":{"line":24,"column":2},"end":{"line":108,"column":3}},"18":{"start":{"line":28,"column":8},"end":{"line":28,"column":16}},"19":{"start":{"line":30,"column":4},"end":{"line":35,"column":5}},"20":{"start":{"line":31,"column":6},"end":{"line":34,"column":9}},"21":{"start":{"line":37,"column":18},"end":{"line":37,"column":38}},"22":{"start":{"line":38,"column":18},"end":{"line":38,"column":36}},"23":{"start":{"line":39,"column":18},"end":{"line":39,"column":28}},"24":{"start":{"line":40,"column":4},"end":{"line":40,"column":31}},"25":{"start":{"line":42,"column":4},"end":{"line":44,"column":5}},"26":{"start":{"line":43,"column":6},"end":{"line":43,"column":86}},"27":{"start":{"line":45,"column":4},"end":{"line":47,"column":5}},"28":{"start":{"line":46,"column":6},"end":{"line":46,"column":99}},"29":{"start":{"line":48,"column":4},"end":{"line":50,"column":5}},"30":{"start":{"line":49,"column":6},"end":{"line":49,"column":100}},"31":{"start":{"line":52,"column":20},"end":{"line":52,"column":71}},"32":{"start":{"line":53,"column":4},"end":{"line":55,"column":5}},"33":{"start":{"line":54,"column":6},"end":{"line":54,"column":88}},"34":{"start":{"line":57,"column":4},"end":{"line":59,"column":5}},"35":{"start":{"line":58,"column":6},"end":{"line":58,"column":99}},"36":{"start":{"line":61,"column":4},"end":{"line":63,"column":5}},"37":{"start":{"line":62,"column":6},"end":{"line":62,"column":103}},"38":{"start":{"line":64,"column":4},"end":{"line":66,"column":5}},"39":{"start":{"line":65,"column":6},"end":{"line":65,"column":111}},"40":{"start":{"line":68,"column":21},"end":{"line":68,"column":87}},"41":{"start":{"line":69,"column":4},"end":{"line":74,"column":5}},"42":{"start":{"line":70,"column":6},"end":{"line":73,"column":9}},"43":{"start":{"line":76,"column":24},"end":{"line":76,"column":57}},"44":{"start":{"line":77,"column":24},"end":{"line":77,"column":50}},"45":{"start":{"line":78,"column":24},"end":{"line":78,"column":73}},"46":{"start":{"line":79,"column":24},"end":{"line":79,"column":63}},"47":{"start":{"line":80,"column":25},"end":{"line":80,"column":76}},"48":{"start":{"line":81,"column":25},"end":{"line":81,"column":48}},"49":{"start":{"line":83,"column":20},"end":{"line":92,"column":6}},"50":{"start":{"line":93,"column":4},"end":{"line":98,"column":23}},"51":{"start":{"line":100,"column":4},"end":{"line":104,"column":7}},"52":{"start":{"line":106,"column":4},"end":{"line":106,"column":56}},"53":{"start":{"line":107,"column":4},"end":{"line":107,"column":87}},"54":{"start":{"line":111,"column":22},"end":{"line":119,"column":1}},"55":{"start":{"line":112,"column":2},"end":{"line":118,"column":3}},"56":{"start":{"line":113,"column":21},"end":{"line":113,"column":74}},"57":{"start":{"line":114,"column":4},"end":{"line":114,"column":84}},"58":{"start":{"line":116,"column":4},"end":{"line":116,"column":57}},"59":{"start":{"line":117,"column":4},"end":{"line":117,"column":70}},"60":{"start":{"line":121,"column":19},"end":{"line":141,"column":1}},"61":{"start":{"line":122,"column":2},"end":{"line":140,"column":3}},"62":{"start":{"line":123,"column":20},"end":{"line":123,"column":68}},"63":{"start":{"line":124,"column":4},"end":{"line":126,"column":5}},"64":{"start":{"line":125,"column":6},"end":{"line":125,"column":84}},"65":{"start":{"line":128,"column":23},"end":{"line":128,"column":55}},"66":{"start":{"line":129,"column":23},"end":{"line":129,"column":58}},"67":{"start":{"line":130,"column":23},"end":{"line":130,"column":48}},"68":{"start":{"line":132,"column":4},"end":{"line":134,"column":5}},"69":{"start":{"line":133,"column":6},"end":{"line":133,"column":102}},"70":{"start":{"line":136,"column":4},"end":{"line":136,"column":59}},"71":{"start":{"line":138,"column":4},"end":{"line":138,"column":53}},"72":{"start":{"line":139,"column":4},"end":{"line":139,"column":70}},"73":{"start":{"line":143,"column":25},"end":{"line":151,"column":1}},"74":{"start":{"line":144,"column":2},"end":{"line":150,"column":3}},"75":{"start":{"line":145,"column":21},"end":{"line":145,"column":71}},"76":{"start":{"line":146,"column":4},"end":{"line":146,"column":84}},"77":{"start":{"line":148,"column":4},"end":{"line":148,"column":60}},"78":{"start":{"line":149,"column":4},"end":{"line":149,"column":70}},"79":{"start":{"line":153,"column":22},"end":{"line":158,"column":1}},"80":{"start":{"line":160,"column":25},"end":{"line":163,"column":1}},"81":{"start":{"line":165,"column":21},"end":{"line":200,"column":1}},"82":{"start":{"line":166,"column":2},"end":{"line":199,"column":3}},"83":{"start":{"line":167,"column":23},"end":{"line":167,"column":31}},"84":{"start":{"line":168,"column":4},"end":{"line":170,"column":5}},"85":{"start":{"line":169,"column":6},"end":{"line":169,"column":85}},"86":{"start":{"line":172,"column":20},"end":{"line":172,"column":80}},"87":{"start":{"line":173,"column":4},"end":{"line":175,"column":5}},"88":{"start":{"line":174,"column":6},"end":{"line":174,"column":84}},"89":{"start":{"line":177,"column":23},"end":{"line":177,"column":55}},"90":{"start":{"line":178,"column":23},"end":{"line":178,"column":58}},"91":{"start":{"line":180,"column":4},"end":{"line":182,"column":5}},"92":{"start":{"line":181,"column":6},"end":{"line":181,"column":81}},"93":{"start":{"line":184,"column":23},"end":{"line":184,"column":65}},"94":{"start":{"line":185,"column":24},"end":{"line":185,"column":56}},"95":{"start":{"line":187,"column":4},"end":{"line":192,"column":5}},"96":{"start":{"line":188,"column":6},"end":{"line":191,"column":9}},"97":{"start":{"line":194,"column":20},"end":{"line":194,"column":81}},"98":{"start":{"line":195,"column":4},"end":{"line":195,"column":86}},"99":{"start":{"line":197,"column":4},"end":{"line":197,"column":55}},"100":{"start":{"line":198,"column":4},"end":{"line":198,"column":70}},"101":{"start":{"line":202,"column":26},"end":{"line":222,"column":1}},"102":{"start":{"line":203,"column":2},"end":{"line":221,"column":3}},"103":{"start":{"line":204,"column":20},"end":{"line":204,"column":68}},"104":{"start":{"line":205,"column":4},"end":{"line":207,"column":5}},"105":{"start":{"line":206,"column":6},"end":{"line":206,"column":84}},"106":{"start":{"line":209,"column":23},"end":{"line":209,"column":55}},"107":{"start":{"line":210,"column":23},"end":{"line":210,"column":58}},"108":{"start":{"line":211,"column":23},"end":{"line":211,"column":48}},"109":{"start":{"line":213,"column":4},"end":{"line":215,"column":5}},"110":{"start":{"line":214,"column":6},"end":{"line":214,"column":81}},"111":{"start":{"line":217,"column":4},"end":{"line":217,"column":39}},"112":{"start":{"line":219,"column":4},"end":{"line":219,"column":55}},"113":{"start":{"line":220,"column":4},"end":{"line":220,"column":86}},"114":{"start":{"line":224,"column":0},"end":{"line":231,"column":2}}},"fnMap":{"0":{"name":"(anonymous_0)","decl":{"start":{"line":7,"column":26},"end":{"line":7,"column":27}},"loc":{"start":{"line":7,"column":32},"end":{"line":14,"column":1}},"line":7},"1":{"name":"(anonymous_1)","decl":{"start":{"line":16,"column":20},"end":{"line":16,"column":21}},"loc":{"start":{"line":16,"column":36},"end":{"line":21,"column":1}},"line":16},"2":{"name":"(anonymous_2)","decl":{"start":{"line":23,"column":22},"end":{"line":23,"column":23}},"loc":{"start":{"line":23,"column":42},"end":{"line":109,"column":1}},"line":23},"3":{"name":"(anonymous_3)","decl":{"start":{"line":98,"column":13},"end":{"line":98,"column":14}},"loc":{"start":{"line":98,"column":19},"end":{"line":98,"column":21}},"line":98},"4":{"name":"(anonymous_4)","decl":{"start":{"line":111,"column":22},"end":{"line":111,"column":23}},"loc":{"start":{"line":111,"column":42},"end":{"line":119,"column":1}},"line":111},"5":{"name":"(anonymous_5)","decl":{"start":{"line":121,"column":19},"end":{"line":121,"column":20}},"loc":{"start":{"line":121,"column":39},"end":{"line":141,"column":1}},"line":121},"6":{"name":"(anonymous_6)","decl":{"start":{"line":143,"column":25},"end":{"line":143,"column":26}},"loc":{"start":{"line":143,"column":45},"end":{"line":151,"column":1}},"line":143},"7":{"name":"(anonymous_7)","decl":{"start":{"line":165,"column":21},"end":{"line":165,"column":22}},"loc":{"start":{"line":165,"column":41},"end":{"line":200,"column":1}},"line":165},"8":{"name":"(anonymous_8)","decl":{"start":{"line":202,"column":26},"end":{"line":202,"column":27}},"loc":{"start":{"line":202,"column":46},"end":{"line":222,"column":1}},"line":202}},"branchMap":{"0":{"loc":{"start":{"line":5,"column":29},"end":{"line":5,"column":78}},"type":"binary-expr","locations":[{"start":{"line":5,"column":29},"end":{"line":5,"column":73}},{"start":{"line":5,"column":77},"end":{"line":5,"column":78}}],"line":5},"1":{"loc":{"start":{"line":30,"column":4},"end":{"line":35,"column":5}},"type":"if","locations":[{"start":{"line":30,"column":4},"end":{"line":35,"column":5}},{"start":{},"end":{}}],"line":30},"2":{"loc":{"start":{"line":30,"column":8},"end":{"line":30,"column":47}},"type":"binary-expr","locations":[{"start":{"line":30,"column":8},"end":{"line":30,"column":19}},{"start":{"line":30,"column":23},"end":{"line":30,"column":34}},{"start":{"line":30,"column":38},"end":{"line":30,"column":47}}],"line":30},"3":{"loc":{"start":{"line":42,"column":4},"end":{"line":44,"column":5}},"type":"if","locations":[{"start":{"line":42,"column":4},"end":{"line":44,"column":5}},{"start":{},"end":{}}],"line":42},"4":{"loc":{"start":{"line":42,"column":8},"end":{"line":42,"column":34}},"type":"binary-expr","locations":[{"start":{"line":42,"column":8},"end":{"line":42,"column":20}},{"start":{"line":42,"column":24},"end":{"line":42,"column":34}}],"line":42},"5":{"loc":{"start":{"line":45,"column":4},"end":{"line":47,"column":5}},"type":"if","locations":[{"start":{"line":45,"column":4},"end":{"line":47,"column":5}},{"start":{},"end":{}}],"line":45},"6":{"loc":{"start":{"line":48,"column":4},"end":{"line":50,"column":5}},"type":"if","locations":[{"start":{"line":48,"column":4},"end":{"line":50,"column":5}},{"start":{},"end":{}}],"line":48},"7":{"loc":{"start":{"line":53,"column":4},"end":{"line":55,"column":5}},"type":"if","locations":[{"start":{"line":53,"column":4},"end":{"line":55,"column":5}},{"start":{},"end":{}}],"line":53},"8":{"loc":{"start":{"line":53,"column":8},"end":{"line":53,"column":38}},"type":"binary-expr","locations":[{"start":{"line":53,"column":8},"end":{"line":53,"column":16}},{"start":{"line":53,"column":20},"end":{"line":53,"column":38}}],"line":53},"9":{"loc":{"start":{"line":57,"column":4},"end":{"line":59,"column":5}},"type":"if","locations":[{"start":{"line":57,"column":4},"end":{"line":59,"column":5}},{"start":{},"end":{}}],"line":57},"10":{"loc":{"start":{"line":61,"column":4},"end":{"line":63,"column":5}},"type":"if","locations":[{"start":{"line":61,"column":4},"end":{"line":63,"column":5}},{"start":{},"end":{}}],"line":61},"11":{"loc":{"start":{"line":61,"column":8},"end":{"line":61,"column":46}},"type":"binary-expr","locations":[{"start":{"line":61,"column":8},"end":{"line":61,"column":23}},{"start":{"line":61,"column":27},"end":{"line":61,"column":46}}],"line":61},"12":{"loc":{"start":{"line":64,"column":4},"end":{"line":66,"column":5}},"type":"if","locations":[{"start":{"line":64,"column":4},"end":{"line":66,"column":5}},{"start":{},"end":{}}],"line":64},"13":{"loc":{"start":{"line":64,"column":8},"end":{"line":64,"column":47}},"type":"binary-expr","locations":[{"start":{"line":64,"column":8},"end":{"line":64,"column":24}},{"start":{"line":64,"column":28},"end":{"line":64,"column":47}}],"line":64},"14":{"loc":{"start":{"line":69,"column":4},"end":{"line":74,"column":5}},"type":"if","locations":[{"start":{"line":69,"column":4},"end":{"line":74,"column":5}},{"start":{},"end":{}}],"line":69},"15":{"loc":{"start":{"line":78,"column":24},"end":{"line":78,"column":73}},"type":"cond-expr","locations":[{"start":{"line":78,"column":42},"end":{"line":78,"column":69}},{"start":{"line":78,"column":72},"end":{"line":78,"column":73}}],"line":78},"16":{"loc":{"start":{"line":124,"column":4},"end":{"line":126,"column":5}},"type":"if","locations":[{"start":{"line":124,"column":4},"end":{"line":126,"column":5}},{"start":{},"end":{}}],"line":124},"17":{"loc":{"start":{"line":132,"column":4},"end":{"line":134,"column":5}},"type":"if","locations":[{"start":{"line":132,"column":4},"end":{"line":134,"column":5}},{"start":{},"end":{}}],"line":132},"18":{"loc":{"start":{"line":132,"column":8},"end":{"line":132,"column":43}},"type":"binary-expr","locations":[{"start":{"line":132,"column":8},"end":{"line":132,"column":16}},{"start":{"line":132,"column":20},"end":{"line":132,"column":31}},{"start":{"line":132,"column":35},"end":{"line":132,"column":43}}],"line":132},"19":{"loc":{"start":{"line":168,"column":4},"end":{"line":170,"column":5}},"type":"if","locations":[{"start":{"line":168,"column":4},"end":{"line":170,"column":5}},{"start":{},"end":{}}],"line":168},"20":{"loc":{"start":{"line":173,"column":4},"end":{"line":175,"column":5}},"type":"if","locations":[{"start":{"line":173,"column":4},"end":{"line":175,"column":5}},{"start":{},"end":{}}],"line":173},"21":{"loc":{"start":{"line":180,"column":4},"end":{"line":182,"column":5}},"type":"if","locations":[{"start":{"line":180,"column":4},"end":{"line":182,"column":5}},{"start":{},"end":{}}],"line":180},"22":{"loc":{"start":{"line":180,"column":8},"end":{"line":180,"column":31}},"type":"binary-expr","locations":[{"start":{"line":180,"column":8},"end":{"line":180,"column":16}},{"start":{"line":180,"column":20},"end":{"line":180,"column":31}}],"line":180},"23":{"loc":{"start":{"line":184,"column":23},"end":{"line":184,"column":65}},"type":"cond-expr","locations":[{"start":{"line":184,"column":33},"end":{"line":184,"column":46}},{"start":{"line":184,"column":49},"end":{"line":184,"column":65}}],"line":184},"24":{"loc":{"start":{"line":185,"column":24},"end":{"line":185,"column":56}},"type":"binary-expr","locations":[{"start":{"line":185,"column":24},"end":{"line":185,"column":50}},{"start":{"line":185,"column":54},"end":{"line":185,"column":56}}],"line":185},"25":{"loc":{"start":{"line":187,"column":4},"end":{"line":192,"column":5}},"type":"if","locations":[{"start":{"line":187,"column":4},"end":{"line":192,"column":5}},{"start":{},"end":{}}],"line":187},"26":{"loc":{"start":{"line":205,"column":4},"end":{"line":207,"column":5}},"type":"if","locations":[{"start":{"line":205,"column":4},"end":{"line":207,"column":5}},{"start":{},"end":{}}],"line":205},"27":{"loc":{"start":{"line":213,"column":4},"end":{"line":215,"column":5}},"type":"if","locations":[{"start":{"line":213,"column":4},"end":{"line":215,"column":5}},{"start":{},"end":{}}],"line":213},"28":{"loc":{"start":{"line":213,"column":8},"end":{"line":213,"column":43}},"type":"binary-expr","locations":[{"start":{"line":213,"column":8},"end":{"line":213,"column":16}},{"start":{"line":213,"column":20},"end":{"line":213,"column":31}},{"start":{"line":213,"column":35},"end":{"line":213,"column":43}}],"line":213}},"s":{"0":6,"1":6,"2":6,"3":6,"4":6,"5":1,"6":1,"7":1,"8":1,"9":6,"10":1,"11":6,"12":1,"13":1,"14":1,"15":1,"16":6,"17":7,"18":7,"19":7,"20":2,"21":5,"22":5,"23":5,"24":5,"25":5,"26":0,"27":5,"28":0,"29":5,"30":1,"31":4,"32":3,"33":1,"34":2,"35":0,"36":2,"37":0,"38":2,"39":0,"40":2,"41":2,"42":1,"43":1,"44":1,"45":1,"46":1,"47":1,"48":1,"49":1,"50":1,"51":1,"52":1,"53":1,"54":6,"55":3,"56":3,"57":2,"58":1,"59":1,"60":6,"61":0,"62":0,"63":0,"64":0,"65":0,"66":0,"67":0,"68":0,"69":0,"70":0,"71":0,"72":0,"73":6,"74":0,"75":0,"76":0,"77":0,"78":0,"79":6,"80":6,"81":6,"82":7,"83":7,"84":7,"85":1,"86":6,"87":5,"88":1,"89":4,"90":4,"91":4,"92":1,"93":3,"94":3,"95":3,"96":1,"97":2,"98":2,"99":1,"100":1,"101":6,"102":0,"103":0,"104":0,"105":0,"106":0,"107":0,"108":0,"109":0,"110":0,"111":0,"112":0,"113":0,"114":6},"f":{"0":1,"1":1,"2":7,"3":0,"4":3,"5":0,"6":0,"7":7,"8":0},"b":{"0":[6,6],"1":[2,5],"2":[7,6,5],"3":[0,5],"4":[5,5],"5":[0,5],"6":[1,4],"7":[1,2],"8":[3,2],"9":[0,2],"10":[0,2],"11":[2,0],"12":[0,2],"13":[2,2],"14":[1,1],"15":[0,1],"16":[0,0],"17":[0,0],"18":[0,0,0],"19":[1,6],"20":[1,4],"21":[1,3],"22":[4,1],"23":[3,0],"24":[3,1],"25":[1,2],"26":[0,0],"27":[0,0],"28":[0,0,0]},"_coverageSchema":"1a1c01bbd47fc00a2c39e90264f33305004495a9","hash":"393d48e6a733a7a3771afe7fff24dc3ab37b7547"}
,"C:\\Users\\HP\\Desktop\\WebDev(Individual)\\backend\\controller\\disputeController.js": {"path":"C:\\Users\\HP\\Desktop\\WebDev(Individual)\\backend\\controller\\disputeController.js","statementMap":{"0":{"start":{"line":1,"column":21},"end":{"line":1,"column":53}},"1":{"start":{"line":2,"column":21},"end":{"line":2,"column":53}},"2":{"start":{"line":4,"column":21},"end":{"line":32,"column":1}},"3":{"start":{"line":5,"column":2},"end":{"line":31,"column":3}},"4":{"start":{"line":6,"column":35},"end":{"line":6,"column":43}},"5":{"start":{"line":7,"column":4},"end":{"line":9,"column":5}},"6":{"start":{"line":8,"column":6},"end":{"line":8,"column":98}},"7":{"start":{"line":11,"column":20},"end":{"line":11,"column":65}},"8":{"start":{"line":12,"column":4},"end":{"line":14,"column":5}},"9":{"start":{"line":13,"column":6},"end":{"line":13,"column":84}},"10":{"start":{"line":15,"column":4},"end":{"line":17,"column":5}},"11":{"start":{"line":16,"column":6},"end":{"line":16,"column":91}},"12":{"start":{"line":19,"column":21},"end":{"line":19,"column":71}},"13":{"start":{"line":20,"column":4},"end":{"line":22,"column":5}},"14":{"start":{"line":21,"column":6},"end":{"line":21,"column":108}},"15":{"start":{"line":24,"column":20},"end":{"line":26,"column":6}},"16":{"start":{"line":27,"column":4},"end":{"line":27,"column":100}},"17":{"start":{"line":29,"column":4},"end":{"line":29,"column":55}},"18":{"start":{"line":30,"column":4},"end":{"line":30,"column":70}},"19":{"start":{"line":34,"column":23},"end":{"line":41,"column":1}},"20":{"start":{"line":35,"column":2},"end":{"line":40,"column":3}},"21":{"start":{"line":36,"column":21},"end":{"line":36,"column":56}},"22":{"start":{"line":37,"column":4},"end":{"line":37,"column":60}},"23":{"start":{"line":39,"column":4},"end":{"line":39,"column":70}},"24":{"start":{"line":43,"column":23},"end":{"line":55,"column":1}},"25":{"start":{"line":44,"column":2},"end":{"line":54,"column":3}},"26":{"start":{"line":45,"column":35},"end":{"line":45,"column":43}},"27":{"start":{"line":46,"column":4},"end":{"line":48,"column":5}},"28":{"start":{"line":47,"column":6},"end":{"line":47,"column":108}},"29":{"start":{"line":49,"column":20},"end":{"line":49,"column":88}},"30":{"start":{"line":50,"column":4},"end":{"line":50,"column":96}},"31":{"start":{"line":50,"column":18},"end":{"line":50,"column":96}},"32":{"start":{"line":51,"column":4},"end":{"line":51,"column":88}},"33":{"start":{"line":53,"column":4},"end":{"line":53,"column":70}},"34":{"start":{"line":57,"column":0},"end":{"line":57,"column":66}}},"fnMap":{"0":{"name":"(anonymous_0)","decl":{"start":{"line":4,"column":21},"end":{"line":4,"column":22}},"loc":{"start":{"line":4,"column":41},"end":{"line":32,"column":1}},"line":4},"1":{"name":"(anonymous_1)","decl":{"start":{"line":34,"column":23},"end":{"line":34,"column":24}},"loc":{"start":{"line":34,"column":43},"end":{"line":41,"column":1}},"line":34},"2":{"name":"(anonymous_2)","decl":{"start":{"line":43,"column":23},"end":{"line":43,"column":24}},"loc":{"start":{"line":43,"column":43},"end":{"line":55,"column":1}},"line":43}},"branchMap":{"0":{"loc":{"start":{"line":7,"column":4},"end":{"line":9,"column":5}},"type":"if","locations":[{"start":{"line":7,"column":4},"end":{"line":9,"column":5}},{"start":{},"end":{}}],"line":7},"1":{"loc":{"start":{"line":7,"column":8},"end":{"line":7,"column":38}},"type":"binary-expr","locations":[{"start":{"line":7,"column":8},"end":{"line":7,"column":19}},{"start":{"line":7,"column":23},"end":{"line":7,"column":38}}],"line":7},"2":{"loc":{"start":{"line":12,"column":4},"end":{"line":14,"column":5}},"type":"if","locations":[{"start":{"line":12,"column":4},"end":{"line":14,"column":5}},{"start":{},"end":{}}],"line":12},"3":{"loc":{"start":{"line":15,"column":4},"end":{"line":17,"column":5}},"type":"if","locations":[{"start":{"line":15,"column":4},"end":{"line":17,"column":5}},{"start":{},"end":{}}],"line":15},"4":{"loc":{"start":{"line":15,"column":8},"end":{"line":15,"column":79}},"type":"binary-expr","locations":[{"start":{"line":15,"column":8},"end":{"line":15,"column":43}},{"start":{"line":15,"column":47},"end":{"line":15,"column":79}}],"line":15},"5":{"loc":{"start":{"line":20,"column":4},"end":{"line":22,"column":5}},"type":"if","locations":[{"start":{"line":20,"column":4},"end":{"line":22,"column":5}},{"start":{},"end":{}}],"line":20},"6":{"loc":{"start":{"line":46,"column":4},"end":{"line":48,"column":5}},"type":"if","locations":[{"start":{"line":46,"column":4},"end":{"line":48,"column":5}},{"start":{},"end":{}}],"line":46},"7":{"loc":{"start":{"line":46,"column":8},"end":{"line":46,"column":63}},"type":"binary-expr","locations":[{"start":{"line":46,"column":8},"end":{"line":46,"column":19}},{"start":{"line":46,"column":23},"end":{"line":46,"column":63}}],"line":46},"8":{"loc":{"start":{"line":50,"column":4},"end":{"line":50,"column":96}},"type":"if","locations":[{"start":{"line":50,"column":4},"end":{"line":50,"column":96}},{"start":{},"end":{}}],"line":50}},"s":{"0":6,"1":6,"2":6,"3":0,"4":0,"5":0,"6":0,"7":0,"8":0,"9":0,"10":0,"11":0,"12":0,"13":0,"14":0,"15":0,"16":0,"17":0,"18":0,"19":6,"20":0,"21":0,"22":0,"23":0,"24":6,"25":0,"26":0,"27":0,"28":0,"29":0,"30":0,"31":0,"32":0,"33":0,"34":6},"f":{"0":0,"1":0,"2":0},"b":{"0":[0,0],"1":[0,0],"2":[0,0],"3":[0,0],"4":[0,0],"5":[0,0],"6":[0,0],"7":[0,0],"8":[0,0]},"_coverageSchema":"1a1c01bbd47fc00a2c39e90264f33305004495a9","hash":"bad2109fd99e7d04deb2bfdf96b97c0b59011d10"}
,"C:\\Users\\HP\\Desktop\\WebDev(Individual)\\backend\\controller\\messageController.js": {"path":"C:\\Users\\HP\\Desktop\\WebDev(Individual)\\backend\\controller\\messageController.js","statementMap":{"0":{"start":{"line":1,"column":21},"end":{"line":1,"column":53}},"1":{"start":{"line":2,"column":21},"end":{"line":2,"column":53}},"2":{"start":{"line":3,"column":26},"end":{"line":3,"column":63}},"3":{"start":{"line":5,"column":20},"end":{"line":41,"column":1}},"4":{"start":{"line":6,"column":2},"end":{"line":40,"column":3}},"5":{"start":{"line":7,"column":36},"end":{"line":7,"column":44}},"6":{"start":{"line":8,"column":4},"end":{"line":10,"column":5}},"7":{"start":{"line":9,"column":6},"end":{"line":9,"column":94}},"8":{"start":{"line":12,"column":20},"end":{"line":12,"column":65}},"9":{"start":{"line":13,"column":4},"end":{"line":15,"column":5}},"10":{"start":{"line":14,"column":6},"end":{"line":14,"column":84}},"11":{"start":{"line":17,"column":23},"end":{"line":17,"column":58}},"12":{"start":{"line":18,"column":23},"end":{"line":18,"column":55}},"13":{"start":{"line":19,"column":4},"end":{"line":21,"column":5}},"14":{"start":{"line":20,"column":6},"end":{"line":20,"column":91}},"15":{"start":{"line":23,"column":25},"end":{"line":23,"column":76}},"16":{"start":{"line":25,"column":20},"end":{"line":27,"column":6}},"17":{"start":{"line":29,"column":4},"end":{"line":34,"column":23}},"18":{"start":{"line":36,"column":4},"end":{"line":36,"column":59}},"19":{"start":{"line":38,"column":4},"end":{"line":38,"column":54}},"20":{"start":{"line":39,"column":4},"end":{"line":39,"column":70}},"21":{"start":{"line":43,"column":24},"end":{"line":71,"column":1}},"22":{"start":{"line":44,"column":2},"end":{"line":70,"column":3}},"23":{"start":{"line":45,"column":20},"end":{"line":45,"column":75}},"24":{"start":{"line":46,"column":4},"end":{"line":48,"column":5}},"25":{"start":{"line":47,"column":6},"end":{"line":47,"column":84}},"26":{"start":{"line":49,"column":4},"end":{"line":51,"column":5}},"27":{"start":{"line":50,"column":6},"end":{"line":50,"column":81}},"28":{"start":{"line":53,"column":21},"end":{"line":53,"column":82}},"29":{"start":{"line":54,"column":4},"end":{"line":54,"column":75}},"30":{"start":{"line":56,"column":4},"end":{"line":66,"column":7}},"31":{"start":{"line":68,"column":4},"end":{"line":68,"column":58}},"32":{"start":{"line":69,"column":4},"end":{"line":69,"column":70}},"33":{"start":{"line":73,"column":26},"end":{"line":81,"column":1}},"34":{"start":{"line":74,"column":2},"end":{"line":80,"column":3}},"35":{"start":{"line":75,"column":26},"end":{"line":75,"column":74}},"36":{"start":{"line":76,"column":4},"end":{"line":76,"column":65}},"37":{"start":{"line":78,"column":4},"end":{"line":78,"column":60}},"38":{"start":{"line":79,"column":4},"end":{"line":79,"column":70}},"39":{"start":{"line":83,"column":0},"end":{"line":83,"column":69}}},"fnMap":{"0":{"name":"(anonymous_0)","decl":{"start":{"line":5,"column":20},"end":{"line":5,"column":21}},"loc":{"start":{"line":5,"column":40},"end":{"line":41,"column":1}},"line":5},"1":{"name":"(anonymous_1)","decl":{"start":{"line":34,"column":13},"end":{"line":34,"column":14}},"loc":{"start":{"line":34,"column":19},"end":{"line":34,"column":21}},"line":34},"2":{"name":"(anonymous_2)","decl":{"start":{"line":43,"column":24},"end":{"line":43,"column":25}},"loc":{"start":{"line":43,"column":44},"end":{"line":71,"column":1}},"line":43},"3":{"name":"(anonymous_3)","decl":{"start":{"line":73,"column":26},"end":{"line":73,"column":27}},"loc":{"start":{"line":73,"column":46},"end":{"line":81,"column":1}},"line":73}},"branchMap":{"0":{"loc":{"start":{"line":8,"column":4},"end":{"line":10,"column":5}},"type":"if","locations":[{"start":{"line":8,"column":4},"end":{"line":10,"column":5}},{"start":{},"end":{}}],"line":8},"1":{"loc":{"start":{"line":8,"column":8},"end":{"line":8,"column":39}},"type":"binary-expr","locations":[{"start":{"line":8,"column":8},"end":{"line":8,"column":19}},{"start":{"line":8,"column":23},"end":{"line":8,"column":39}}],"line":8},"2":{"loc":{"start":{"line":13,"column":4},"end":{"line":15,"column":5}},"type":"if","locations":[{"start":{"line":13,"column":4},"end":{"line":15,"column":5}},{"start":{},"end":{}}],"line":13},"3":{"loc":{"start":{"line":19,"column":4},"end":{"line":21,"column":5}},"type":"if","locations":[{"start":{"line":19,"column":4},"end":{"line":21,"column":5}},{"start":{},"end":{}}],"line":19},"4":{"loc":{"start":{"line":19,"column":8},"end":{"line":19,"column":31}},"type":"binary-expr","locations":[{"start":{"line":19,"column":8},"end":{"line":19,"column":19}},{"start":{"line":19,"column":23},"end":{"line":19,"column":31}}],"line":19},"5":{"loc":{"start":{"line":23,"column":25},"end":{"line":23,"column":76}},"type":"cond-expr","locations":[{"start":{"line":23,"column":38},"end":{"line":23,"column":54}},{"start":{"line":23,"column":57},"end":{"line":23,"column":76}}],"line":23},"6":{"loc":{"start":{"line":46,"column":4},"end":{"line":48,"column":5}},"type":"if","locations":[{"start":{"line":46,"column":4},"end":{"line":48,"column":5}},{"start":{},"end":{}}],"line":46},"7":{"loc":{"start":{"line":49,"column":4},"end":{"line":51,"column":5}},"type":"if","locations":[{"start":{"line":49,"column":4},"end":{"line":51,"column":5}},{"start":{},"end":{}}],"line":49},"8":{"loc":{"start":{"line":49,"column":8},"end":{"line":49,"column":79}},"type":"binary-expr","locations":[{"start":{"line":49,"column":8},"end":{"line":49,"column":43}},{"start":{"line":49,"column":47},"end":{"line":49,"column":79}}],"line":49},"9":{"loc":{"start":{"line":63,"column":26},"end":{"line":63,"column":106}},"type":"cond-expr","locations":[{"start":{"line":63,"column":64},"end":{"line":63,"column":82}},{"start":{"line":63,"column":85},"end":{"line":63,"column":106}}],"line":63}},"s":{"0":6,"1":6,"2":6,"3":6,"4":0,"5":0,"6":0,"7":0,"8":0,"9":0,"10":0,"11":0,"12":0,"13":0,"14":0,"15":0,"16":0,"17":0,"18":0,"19":0,"20":0,"21":6,"22":0,"23":0,"24":0,"25":0,"26":0,"27":0,"28":0,"29":0,"30":0,"31":0,"32":0,"33":6,"34":0,"35":0,"36":0,"37":0,"38":0,"39":6},"f":{"0":0,"1":0,"2":0,"3":0},"b":{"0":[0,0],"1":[0,0],"2":[0,0],"3":[0,0],"4":[0,0],"5":[0,0],"6":[0,0],"7":[0,0],"8":[0,0],"9":[0,0]},"_coverageSchema":"1a1c01bbd47fc00a2c39e90264f33305004495a9","hash":"726f85a005f03c1679a973591c34672b154d46c2"}
,"C:\\Users\\HP\\Desktop\\WebDev(Individual)\\backend\\controller\\notificationController.js": {"path":"C:\\Users\\HP\\Desktop\\WebDev(Individual)\\backend\\controller\\notificationController.js","statementMap":{"0":{"start":{"line":1,"column":26},"end":{"line":1,"column":63}},"1":{"start":{"line":3,"column":25},"end":{"line":12,"column":1}},"2":{"start":{"line":4,"column":2},"end":{"line":11,"column":3}},"3":{"start":{"line":5,"column":26},"end":{"line":5,"column":72}},"4":{"start":{"line":6,"column":19},"end":{"line":6,"column":70}},"5":{"start":{"line":7,"column":4},"end":{"line":7,"column":77}},"6":{"start":{"line":9,"column":4},"end":{"line":9,"column":59}},"7":{"start":{"line":10,"column":4},"end":{"line":10,"column":70}},"8":{"start":{"line":14,"column":16},"end":{"line":21,"column":1}},"9":{"start":{"line":15,"column":2},"end":{"line":20,"column":3}},"10":{"start":{"line":16,"column":4},"end":{"line":16,"column":65}},"11":{"start":{"line":17,"column":4},"end":{"line":17,"column":44}},"12":{"start":{"line":19,"column":4},"end":{"line":19,"column":70}},"13":{"start":{"line":23,"column":16},"end":{"line":30,"column":1}},"14":{"start":{"line":24,"column":2},"end":{"line":29,"column":3}},"15":{"start":{"line":25,"column":4},"end":{"line":25,"column":53}},"16":{"start":{"line":26,"column":4},"end":{"line":26,"column":44}},"17":{"start":{"line":28,"column":4},"end":{"line":28,"column":70}},"18":{"start":{"line":32,"column":0},"end":{"line":32,"column":56}}},"fnMap":{"0":{"name":"(anonymous_0)","decl":{"start":{"line":3,"column":25},"end":{"line":3,"column":26}},"loc":{"start":{"line":3,"column":45},"end":{"line":12,"column":1}},"line":3},"1":{"name":"(anonymous_1)","decl":{"start":{"line":14,"column":16},"end":{"line":14,"column":17}},"loc":{"start":{"line":14,"column":36},"end":{"line":21,"column":1}},"line":14},"2":{"name":"(anonymous_2)","decl":{"start":{"line":23,"column":16},"end":{"line":23,"column":17}},"loc":{"start":{"line":23,"column":36},"end":{"line":30,"column":1}},"line":23}},"branchMap":{},"s":{"0":6,"1":6,"2":0,"3":0,"4":0,"5":0,"6":0,"7":0,"8":6,"9":0,"10":0,"11":0,"12":0,"13":6,"14":0,"15":0,"16":0,"17":0,"18":6},"f":{"0":0,"1":0,"2":0},"b":{},"_coverageSchema":"1a1c01bbd47fc00a2c39e90264f33305004495a9","hash":"6bae16dc3f54ae52d70dffa960b5a3c90366f5f4"}
,"C:\\Users\\HP\\Desktop\\WebDev(Individual)\\backend\\controller\\paymentController.js": {"path":"C:\\Users\\HP\\Desktop\\WebDev(Individual)\\backend\\controller\\paymentController.js","statementMap":{"0":{"start":{"line":1,"column":15},"end":{"line":1,"column":32}},"1":{"start":{"line":2,"column":21},"end":{"line":2,"column":53}},"2":{"start":{"line":3,"column":21},"end":{"line":3,"column":53}},"3":{"start":{"line":4,"column":26},"end":{"line":4,"column":63}},"4":{"start":{"line":6,"column":23},"end":{"line":6,"column":69}},"5":{"start":{"line":7,"column":23},"end":{"line":7,"column":76}},"6":{"start":{"line":8,"column":23},"end":{"line":8,"column":111}},"7":{"start":{"line":9,"column":23},"end":{"line":9,"column":82}},"8":{"start":{"line":11,"column":13},"end":{"line":12,"column":74}},"9":{"start":{"line":12,"column":2},"end":{"line":12,"column":74}},"10":{"start":{"line":14,"column":22},"end":{"line":65,"column":1}},"11":{"start":{"line":15,"column":2},"end":{"line":64,"column":3}},"12":{"start":{"line":16,"column":27},"end":{"line":16,"column":35}},"13":{"start":{"line":17,"column":20},"end":{"line":17,"column":65}},"14":{"start":{"line":18,"column":4},"end":{"line":18,"column":96}},"15":{"start":{"line":18,"column":18},"end":{"line":18,"column":96}},"16":{"start":{"line":19,"column":4},"end":{"line":20,"column":81}},"17":{"start":{"line":20,"column":6},"end":{"line":20,"column":81}},"18":{"start":{"line":22,"column":21},"end":{"line":22,"column":73}},"19":{"start":{"line":23,"column":4},"end":{"line":24,"column":95}},"20":{"start":{"line":24,"column":6},"end":{"line":24,"column":95}},"21":{"start":{"line":26,"column":29},"end":{"line":26,"column":70}},"22":{"start":{"line":27,"column":29},"end":{"line":27,"column":57}},"23":{"start":{"line":28,"column":20},"end":{"line":28,"column":117}},"24":{"start":{"line":29,"column":22},"end":{"line":29,"column":35}},"25":{"start":{"line":31,"column":4},"end":{"line":42,"column":5}},"26":{"start":{"line":32,"column":6},"end":{"line":39,"column":9}},"27":{"start":{"line":41,"column":6},"end":{"line":41,"column":76}},"28":{"start":{"line":44,"column":4},"end":{"line":60,"column":7}},"29":{"start":{"line":62,"column":4},"end":{"line":62,"column":56}},"30":{"start":{"line":63,"column":4},"end":{"line":63,"column":84}},"31":{"start":{"line":67,"column":20},"end":{"line":105,"column":1}},"32":{"start":{"line":68,"column":2},"end":{"line":104,"column":3}},"33":{"start":{"line":69,"column":21},"end":{"line":69,"column":30}},"34":{"start":{"line":70,"column":4},"end":{"line":70,"column":91}},"35":{"start":{"line":70,"column":15},"end":{"line":70,"column":91}},"36":{"start":{"line":72,"column":20},"end":{"line":72,"column":77}},"37":{"start":{"line":73,"column":90},"end":{"line":73,"column":97}},"38":{"start":{"line":75,"column":23},"end":{"line":75,"column":52}},"39":{"start":{"line":76,"column":23},"end":{"line":76,"column":76}},"40":{"start":{"line":76,"column":45},"end":{"line":76,"column":65}},"41":{"start":{"line":77,"column":23},"end":{"line":77,"column":36}},"42":{"start":{"line":79,"column":4},"end":{"line":80,"column":92}},"43":{"start":{"line":80,"column":6},"end":{"line":80,"column":92}},"44":{"start":{"line":82,"column":4},"end":{"line":83,"column":88}},"45":{"start":{"line":83,"column":6},"end":{"line":83,"column":88}},"46":{"start":{"line":85,"column":20},"end":{"line":85,"column":82}},"47":{"start":{"line":86,"column":4},"end":{"line":86,"column":103}},"48":{"start":{"line":86,"column":18},"end":{"line":86,"column":103}},"49":{"start":{"line":88,"column":4},"end":{"line":89,"column":102}},"50":{"start":{"line":89,"column":6},"end":{"line":89,"column":102}},"51":{"start":{"line":91,"column":4},"end":{"line":91,"column":95}},"52":{"start":{"line":93,"column":4},"end":{"line":98,"column":23}},"53":{"start":{"line":100,"column":4},"end":{"line":100,"column":93}},"54":{"start":{"line":102,"column":4},"end":{"line":102,"column":54}},"55":{"start":{"line":103,"column":4},"end":{"line":103,"column":82}},"56":{"start":{"line":107,"column":25},"end":{"line":114,"column":1}},"57":{"start":{"line":108,"column":2},"end":{"line":113,"column":3}},"58":{"start":{"line":109,"column":20},"end":{"line":109,"column":82}},"59":{"start":{"line":110,"column":4},"end":{"line":110,"column":55}},"60":{"start":{"line":112,"column":4},"end":{"line":112,"column":81}},"61":{"start":{"line":116,"column":0},"end":{"line":116,"column":66}}},"fnMap":{"0":{"name":"(anonymous_0)","decl":{"start":{"line":11,"column":13},"end":{"line":11,"column":14}},"loc":{"start":{"line":12,"column":2},"end":{"line":12,"column":74}},"line":12},"1":{"name":"(anonymous_1)","decl":{"start":{"line":14,"column":22},"end":{"line":14,"column":23}},"loc":{"start":{"line":14,"column":42},"end":{"line":65,"column":1}},"line":14},"2":{"name":"(anonymous_2)","decl":{"start":{"line":67,"column":20},"end":{"line":67,"column":21}},"loc":{"start":{"line":67,"column":40},"end":{"line":105,"column":1}},"line":67},"3":{"name":"(anonymous_3)","decl":{"start":{"line":76,"column":38},"end":{"line":76,"column":39}},"loc":{"start":{"line":76,"column":45},"end":{"line":76,"column":65}},"line":76},"4":{"name":"(anonymous_4)","decl":{"start":{"line":98,"column":13},"end":{"line":98,"column":14}},"loc":{"start":{"line":98,"column":19},"end":{"line":98,"column":21}},"line":98},"5":{"name":"(anonymous_5)","decl":{"start":{"line":107,"column":25},"end":{"line":107,"column":26}},"loc":{"start":{"line":107,"column":45},"end":{"line":114,"column":1}},"line":107}},"branchMap":{"0":{"loc":{"start":{"line":6,"column":23},"end":{"line":6,"column":69}},"type":"binary-expr","locations":[{"start":{"line":6,"column":23},"end":{"line":6,"column":54}},{"start":{"line":6,"column":59},"end":{"line":6,"column":69}}],"line":6},"1":{"loc":{"start":{"line":7,"column":23},"end":{"line":7,"column":76}},"type":"binary-expr","locations":[{"start":{"line":7,"column":23},"end":{"line":7,"column":51}},{"start":{"line":7,"column":59},"end":{"line":7,"column":76}}],"line":7},"2":{"loc":{"start":{"line":8,"column":23},"end":{"line":8,"column":111}},"type":"binary-expr","locations":[{"start":{"line":8,"column":23},"end":{"line":8,"column":52}},{"start":{"line":8,"column":59},"end":{"line":8,"column":111}}],"line":8},"3":{"loc":{"start":{"line":9,"column":23},"end":{"line":9,"column":82}},"type":"binary-expr","locations":[{"start":{"line":9,"column":23},"end":{"line":9,"column":47}},{"start":{"line":9,"column":59},"end":{"line":9,"column":82}}],"line":9},"4":{"loc":{"start":{"line":18,"column":4},"end":{"line":18,"column":96}},"type":"if","locations":[{"start":{"line":18,"column":4},"end":{"line":18,"column":96}},{"start":{},"end":{}}],"line":18},"5":{"loc":{"start":{"line":19,"column":4},"end":{"line":20,"column":81}},"type":"if","locations":[{"start":{"line":19,"column":4},"end":{"line":20,"column":81}},{"start":{},"end":{}}],"line":19},"6":{"loc":{"start":{"line":23,"column":4},"end":{"line":24,"column":95}},"type":"if","locations":[{"start":{"line":23,"column":4},"end":{"line":24,"column":95}},{"start":{},"end":{}}],"line":23},"7":{"loc":{"start":{"line":23,"column":8},"end":{"line":23,"column":51}},"type":"binary-expr","locations":[{"start":{"line":23,"column":8},"end":{"line":23,"column":16}},{"start":{"line":23,"column":20},"end":{"line":23,"column":51}}],"line":23},"8":{"loc":{"start":{"line":31,"column":4},"end":{"line":42,"column":5}},"type":"if","locations":[{"start":{"line":31,"column":4},"end":{"line":42,"column":5}},{"start":{"line":40,"column":11},"end":{"line":42,"column":5}}],"line":31},"9":{"loc":{"start":{"line":70,"column":4},"end":{"line":70,"column":91}},"type":"if","locations":[{"start":{"line":70,"column":4},"end":{"line":70,"column":91}},{"start":{},"end":{}}],"line":70},"10":{"loc":{"start":{"line":79,"column":4},"end":{"line":80,"column":92}},"type":"if","locations":[{"start":{"line":79,"column":4},"end":{"line":80,"column":92}},{"start":{},"end":{}}],"line":79},"11":{"loc":{"start":{"line":82,"column":4},"end":{"line":83,"column":88}},"type":"if","locations":[{"start":{"line":82,"column":4},"end":{"line":83,"column":88}},{"start":{},"end":{}}],"line":82},"12":{"loc":{"start":{"line":86,"column":4},"end":{"line":86,"column":103}},"type":"if","locations":[{"start":{"line":86,"column":4},"end":{"line":86,"column":103}},{"start":{},"end":{}}],"line":86},"13":{"loc":{"start":{"line":88,"column":4},"end":{"line":89,"column":102}},"type":"if","locations":[{"start":{"line":88,"column":4},"end":{"line":89,"column":102}},{"start":{},"end":{}}],"line":88},"14":{"loc":{"start":{"line":110,"column":36},"end":{"line":110,"column":51}},"type":"binary-expr","locations":[{"start":{"line":110,"column":36},"end":{"line":110,"column":43}},{"start":{"line":110,"column":47},"end":{"line":110,"column":51}}],"line":110}},"s":{"0":6,"1":6,"2":6,"3":6,"4":6,"5":6,"6":6,"7":6,"8":6,"9":0,"10":6,"11":0,"12":0,"13":0,"14":0,"15":0,"16":0,"17":0,"18":0,"19":0,"20":0,"21":0,"22":0,"23":0,"24":0,"25":0,"26":0,"27":0,"28":0,"29":0,"30":0,"31":6,"32":0,"33":0,"34":0,"35":0,"36":0,"37":0,"38":0,"39":0,"40":0,"41":0,"42":0,"43":0,"44":0,"45":0,"46":0,"47":0,"48":0,"49":0,"50":0,"51":0,"52":0,"53":0,"54":0,"55":0,"56":6,"57":0,"58":0,"59":0,"60":0,"61":6},"f":{"0":0,"1":0,"2":0,"3":0,"4":0,"5":0},"b":{"0":[6,0],"1":[6,0],"2":[6,0],"3":[6,0],"4":[0,0],"5":[0,0],"6":[0,0],"7":[0,0],"8":[0,0],"9":[0,0],"10":[0,0],"11":[0,0],"12":[0,0],"13":[0,0],"14":[0,0]},"_coverageSchema":"1a1c01bbd47fc00a2c39e90264f33305004495a9","hash":"5d54a0c2a9de65fc97af81f22be06aeeafe4157d"}
,"C:\\Users\\HP\\Desktop\\WebDev(Individual)\\backend\\controller\\reviewController.js": {"path":"C:\\Users\\HP\\Desktop\\WebDev(Individual)\\backend\\controller\\reviewController.js","statementMap":{"0":{"start":{"line":1,"column":21},"end":{"line":1,"column":52}},"1":{"start":{"line":2,"column":21},"end":{"line":2,"column":53}},"2":{"start":{"line":4,"column":21},"end":{"line":45,"column":1}},"3":{"start":{"line":5,"column":2},"end":{"line":44,"column":3}},"4":{"start":{"line":6,"column":44},"end":{"line":6,"column":52}},"5":{"start":{"line":8,"column":4},"end":{"line":10,"column":5}},"6":{"start":{"line":9,"column":6},"end":{"line":9,"column":98}},"7":{"start":{"line":11,"column":4},"end":{"line":13,"column":5}},"8":{"start":{"line":12,"column":6},"end":{"line":12,"column":97}},"9":{"start":{"line":15,"column":20},"end":{"line":15,"column":65}},"10":{"start":{"line":16,"column":4},"end":{"line":18,"column":5}},"11":{"start":{"line":17,"column":6},"end":{"line":17,"column":84}},"12":{"start":{"line":19,"column":4},"end":{"line":21,"column":5}},"13":{"start":{"line":20,"column":6},"end":{"line":20,"column":104}},"14":{"start":{"line":22,"column":4},"end":{"line":24,"column":5}},"15":{"start":{"line":23,"column":6},"end":{"line":23,"column":104}},"16":{"start":{"line":26,"column":21},"end":{"line":26,"column":82}},"17":{"start":{"line":27,"column":4},"end":{"line":29,"column":5}},"18":{"start":{"line":28,"column":6},"end":{"line":28,"column":104}},"19":{"start":{"line":31,"column":19},"end":{"line":38,"column":6}},"20":{"start":{"line":40,"column":4},"end":{"line":40,"column":87}},"21":{"start":{"line":42,"column":4},"end":{"line":42,"column":55}},"22":{"start":{"line":43,"column":4},"end":{"line":43,"column":70}},"23":{"start":{"line":47,"column":26},"end":{"line":55,"column":1}},"24":{"start":{"line":48,"column":2},"end":{"line":54,"column":3}},"25":{"start":{"line":49,"column":20},"end":{"line":49,"column":72}},"26":{"start":{"line":50,"column":4},"end":{"line":50,"column":82}},"27":{"start":{"line":52,"column":4},"end":{"line":52,"column":53}},"28":{"start":{"line":53,"column":4},"end":{"line":53,"column":70}},"29":{"start":{"line":57,"column":22},"end":{"line":78,"column":1}},"30":{"start":{"line":58,"column":2},"end":{"line":77,"column":3}},"31":{"start":{"line":59,"column":22},"end":{"line":59,"column":30}},"32":{"start":{"line":60,"column":4},"end":{"line":62,"column":5}},"33":{"start":{"line":61,"column":6},"end":{"line":61,"column":89}},"34":{"start":{"line":64,"column":19},"end":{"line":64,"column":65}},"35":{"start":{"line":65,"column":4},"end":{"line":67,"column":5}},"36":{"start":{"line":66,"column":6},"end":{"line":66,"column":83}},"37":{"start":{"line":68,"column":4},"end":{"line":70,"column":5}},"38":{"start":{"line":69,"column":6},"end":{"line":69,"column":113}},"39":{"start":{"line":72,"column":20},"end":{"line":72,"column":73}},"40":{"start":{"line":73,"column":4},"end":{"line":73,"column":83}},"41":{"start":{"line":75,"column":4},"end":{"line":75,"column":54}},"42":{"start":{"line":76,"column":4},"end":{"line":76,"column":70}},"43":{"start":{"line":80,"column":0},"end":{"line":80,"column":68}}},"fnMap":{"0":{"name":"(anonymous_0)","decl":{"start":{"line":4,"column":21},"end":{"line":4,"column":22}},"loc":{"start":{"line":4,"column":41},"end":{"line":45,"column":1}},"line":4},"1":{"name":"(anonymous_1)","decl":{"start":{"line":47,"column":26},"end":{"line":47,"column":27}},"loc":{"start":{"line":47,"column":46},"end":{"line":55,"column":1}},"line":47},"2":{"name":"(anonymous_2)","decl":{"start":{"line":57,"column":22},"end":{"line":57,"column":23}},"loc":{"start":{"line":57,"column":42},"end":{"line":78,"column":1}},"line":57}},"branchMap":{"0":{"loc":{"start":{"line":8,"column":4},"end":{"line":10,"column":5}},"type":"if","locations":[{"start":{"line":8,"column":4},"end":{"line":10,"column":5}},{"start":{},"end":{}}],"line":8},"1":{"loc":{"start":{"line":8,"column":8},"end":{"line":8,"column":30}},"type":"binary-expr","locations":[{"start":{"line":8,"column":8},"end":{"line":8,"column":19}},{"start":{"line":8,"column":23},"end":{"line":8,"column":30}}],"line":8},"2":{"loc":{"start":{"line":11,"column":4},"end":{"line":13,"column":5}},"type":"if","locations":[{"start":{"line":11,"column":4},"end":{"line":13,"column":5}},{"start":{},"end":{}}],"line":11},"3":{"loc":{"start":{"line":11,"column":8},"end":{"line":11,"column":32}},"type":"binary-expr","locations":[{"start":{"line":11,"column":8},"end":{"line":11,"column":18}},{"start":{"line":11,"column":22},"end":{"line":11,"column":32}}],"line":11},"4":{"loc":{"start":{"line":16,"column":4},"end":{"line":18,"column":5}},"type":"if","locations":[{"start":{"line":16,"column":4},"end":{"line":18,"column":5}},{"start":{},"end":{}}],"line":16},"5":{"loc":{"start":{"line":19,"column":4},"end":{"line":21,"column":5}},"type":"if","locations":[{"start":{"line":19,"column":4},"end":{"line":21,"column":5}},{"start":{},"end":{}}],"line":19},"6":{"loc":{"start":{"line":22,"column":4},"end":{"line":24,"column":5}},"type":"if","locations":[{"start":{"line":22,"column":4},"end":{"line":24,"column":5}},{"start":{},"end":{}}],"line":22},"7":{"loc":{"start":{"line":27,"column":4},"end":{"line":29,"column":5}},"type":"if","locations":[{"start":{"line":27,"column":4},"end":{"line":29,"column":5}},{"start":{},"end":{}}],"line":27},"8":{"loc":{"start":{"line":60,"column":4},"end":{"line":62,"column":5}},"type":"if","locations":[{"start":{"line":60,"column":4},"end":{"line":62,"column":5}},{"start":{},"end":{}}],"line":60},"9":{"loc":{"start":{"line":65,"column":4},"end":{"line":67,"column":5}},"type":"if","locations":[{"start":{"line":65,"column":4},"end":{"line":67,"column":5}},{"start":{},"end":{}}],"line":65},"10":{"loc":{"start":{"line":68,"column":4},"end":{"line":70,"column":5}},"type":"if","locations":[{"start":{"line":68,"column":4},"end":{"line":70,"column":5}},{"start":{},"end":{}}],"line":68}},"s":{"0":6,"1":6,"2":6,"3":0,"4":0,"5":0,"6":0,"7":0,"8":0,"9":0,"10":0,"11":0,"12":0,"13":0,"14":0,"15":0,"16":0,"17":0,"18":0,"19":0,"20":0,"21":0,"22":0,"23":6,"24":0,"25":0,"26":0,"27":0,"28":0,"29":6,"30":0,"31":0,"32":0,"33":0,"34":0,"35":0,"36":0,"37":0,"38":0,"39":0,"40":0,"41":0,"42":0,"43":6},"f":{"0":0,"1":0,"2":0},"b":{"0":[0,0],"1":[0,0],"2":[0,0],"3":[0,0],"4":[0,0],"5":[0,0],"6":[0,0],"7":[0,0],"8":[0,0],"9":[0,0],"10":[0,0]},"_coverageSchema":"1a1c01bbd47fc00a2c39e90264f33305004495a9","hash":"9ab2c73d9adb07c6c2e0da125b03cb4c1c93f35b"}
,"C:\\Users\\HP\\Desktop\\WebDev(Individual)\\backend\\controller\\userController.js": {"path":"C:\\Users\\HP\\Desktop\\WebDev(Individual)\\backend\\controller\\userController.js","statementMap":{"0":{"start":{"line":1,"column":16},"end":{"line":1,"column":35}},"1":{"start":{"line":2,"column":16},"end":{"line":2,"column":39}},"2":{"start":{"line":3,"column":18},"end":{"line":3,"column":47}},"3":{"start":{"line":5,"column":22},"end":{"line":11,"column":1}},"4":{"start":{"line":6,"column":2},"end":{"line":10,"column":4}},"5":{"start":{"line":13,"column":17},"end":{"line":84,"column":1}},"6":{"start":{"line":14,"column":2},"end":{"line":83,"column":3}},"7":{"start":{"line":15,"column":56},"end":{"line":15,"column":64}},"8":{"start":{"line":17,"column":4},"end":{"line":22,"column":5}},"9":{"start":{"line":18,"column":6},"end":{"line":21,"column":9}},"10":{"start":{"line":24,"column":23},"end":{"line":24,"column":51}},"11":{"start":{"line":25,"column":4},"end":{"line":30,"column":5}},"12":{"start":{"line":26,"column":6},"end":{"line":29,"column":9}},"13":{"start":{"line":32,"column":4},"end":{"line":37,"column":5}},"14":{"start":{"line":33,"column":6},"end":{"line":36,"column":9}},"15":{"start":{"line":39,"column":25},"end":{"line":39,"column":46}},"16":{"start":{"line":40,"column":4},"end":{"line":45,"column":5}},"17":{"start":{"line":41,"column":6},"end":{"line":44,"column":9}},"18":{"start":{"line":47,"column":25},"end":{"line":47,"column":63}},"19":{"start":{"line":48,"column":4},"end":{"line":53,"column":5}},"20":{"start":{"line":49,"column":6},"end":{"line":52,"column":9}},"21":{"start":{"line":55,"column":19},"end":{"line":55,"column":60}},"22":{"start":{"line":56,"column":26},"end":{"line":56,"column":61}},"23":{"start":{"line":58,"column":20},"end":{"line":64,"column":6}},"24":{"start":{"line":66,"column":18},"end":{"line":66,"column":57}},"25":{"start":{"line":68,"column":4},"end":{"line":75,"column":7}},"26":{"start":{"line":78,"column":4},"end":{"line":78,"column":50}},"27":{"start":{"line":79,"column":4},"end":{"line":82,"column":7}},"28":{"start":{"line":86,"column":14},"end":{"line":146,"column":1}},"29":{"start":{"line":87,"column":2},"end":{"line":145,"column":3}},"30":{"start":{"line":88,"column":32},"end":{"line":88,"column":40}},"31":{"start":{"line":90,"column":4},"end":{"line":95,"column":5}},"32":{"start":{"line":91,"column":6},"end":{"line":94,"column":9}},"33":{"start":{"line":97,"column":17},"end":{"line":97,"column":55}},"34":{"start":{"line":98,"column":4},"end":{"line":103,"column":5}},"35":{"start":{"line":99,"column":6},"end":{"line":102,"column":9}},"36":{"start":{"line":105,"column":4},"end":{"line":110,"column":5}},"37":{"start":{"line":106,"column":6},"end":{"line":109,"column":9}},"38":{"start":{"line":112,"column":20},"end":{"line":112,"column":70}},"39":{"start":{"line":113,"column":4},"end":{"line":118,"column":5}},"40":{"start":{"line":114,"column":6},"end":{"line":117,"column":9}},"41":{"start":{"line":120,"column":18},"end":{"line":120,"column":51}},"42":{"start":{"line":122,"column":4},"end":{"line":137,"column":7}},"43":{"start":{"line":140,"column":4},"end":{"line":140,"column":47}},"44":{"start":{"line":141,"column":4},"end":{"line":144,"column":7}},"45":{"start":{"line":148,"column":14},"end":{"line":185,"column":1}},"46":{"start":{"line":149,"column":2},"end":{"line":184,"column":3}},"47":{"start":{"line":151,"column":23},"end":{"line":151,"column":48}},"48":{"start":{"line":153,"column":4},"end":{"line":158,"column":5}},"49":{"start":{"line":154,"column":6},"end":{"line":157,"column":9}},"50":{"start":{"line":160,"column":18},"end":{"line":160,"column":42}},"51":{"start":{"line":161,"column":20},"end":{"line":161,"column":61}},"52":{"start":{"line":163,"column":17},"end":{"line":163,"column":57}},"53":{"start":{"line":164,"column":4},"end":{"line":169,"column":5}},"54":{"start":{"line":165,"column":6},"end":{"line":168,"column":9}},"55":{"start":{"line":171,"column":4},"end":{"line":174,"column":7}},"56":{"start":{"line":177,"column":4},"end":{"line":179,"column":5}},"57":{"start":{"line":178,"column":6},"end":{"line":178,"column":80}},"58":{"start":{"line":180,"column":4},"end":{"line":182,"column":5}},"59":{"start":{"line":181,"column":6},"end":{"line":181,"column":80}},"60":{"start":{"line":183,"column":4},"end":{"line":183,"column":70}},"61":{"start":{"line":187,"column":0},"end":{"line":187,"column":44}}},"fnMap":{"0":{"name":"(anonymous_0)","decl":{"start":{"line":5,"column":22},"end":{"line":5,"column":23}},"loc":{"start":{"line":5,"column":40},"end":{"line":11,"column":1}},"line":5},"1":{"name":"(anonymous_1)","decl":{"start":{"line":13,"column":17},"end":{"line":13,"column":18}},"loc":{"start":{"line":13,"column":37},"end":{"line":84,"column":1}},"line":13},"2":{"name":"(anonymous_2)","decl":{"start":{"line":86,"column":14},"end":{"line":86,"column":15}},"loc":{"start":{"line":86,"column":34},"end":{"line":146,"column":1}},"line":86},"3":{"name":"(anonymous_3)","decl":{"start":{"line":148,"column":14},"end":{"line":148,"column":15}},"loc":{"start":{"line":148,"column":34},"end":{"line":185,"column":1}},"line":148}},"branchMap":{"0":{"loc":{"start":{"line":17,"column":4},"end":{"line":22,"column":5}},"type":"if","locations":[{"start":{"line":17,"column":4},"end":{"line":22,"column":5}},{"start":{},"end":{}}],"line":17},"1":{"loc":{"start":{"line":17,"column":8},"end":{"line":17,"column":41}},"type":"binary-expr","locations":[{"start":{"line":17,"column":8},"end":{"line":17,"column":18}},{"start":{"line":17,"column":22},"end":{"line":17,"column":28}},{"start":{"line":17,"column":32},"end":{"line":17,"column":41}}],"line":17},"2":{"loc":{"start":{"line":25,"column":4},"end":{"line":30,"column":5}},"type":"if","locations":[{"start":{"line":25,"column":4},"end":{"line":30,"column":5}},{"start":{},"end":{}}],"line":25},"3":{"loc":{"start":{"line":32,"column":4},"end":{"line":37,"column":5}},"type":"if","locations":[{"start":{"line":32,"column":4},"end":{"line":37,"column":5}},{"start":{},"end":{}}],"line":32},"4":{"loc":{"start":{"line":40,"column":4},"end":{"line":45,"column":5}},"type":"if","locations":[{"start":{"line":40,"column":4},"end":{"line":45,"column":5}},{"start":{},"end":{}}],"line":40},"5":{"loc":{"start":{"line":40,"column":8},"end":{"line":40,"column":44}},"type":"binary-expr","locations":[{"start":{"line":40,"column":8},"end":{"line":40,"column":12}},{"start":{"line":40,"column":16},"end":{"line":40,"column":44}}],"line":40},"6":{"loc":{"start":{"line":48,"column":4},"end":{"line":53,"column":5}},"type":"if","locations":[{"start":{"line":48,"column":4},"end":{"line":53,"column":5}},{"start":{},"end":{}}],"line":48},"7":{"loc":{"start":{"line":55,"column":19},"end":{"line":55,"column":60}},"type":"binary-expr","locations":[{"start":{"line":55,"column":19},"end":{"line":55,"column":54}},{"start":{"line":55,"column":58},"end":{"line":55,"column":60}}],"line":55},"8":{"loc":{"start":{"line":62,"column":12},"end":{"line":62,"column":30}},"type":"binary-expr","locations":[{"start":{"line":62,"column":12},"end":{"line":62,"column":16}},{"start":{"line":62,"column":20},"end":{"line":62,"column":30}}],"line":62},"9":{"loc":{"start":{"line":90,"column":4},"end":{"line":95,"column":5}},"type":"if","locations":[{"start":{"line":90,"column":4},"end":{"line":95,"column":5}},{"start":{},"end":{}}],"line":90},"10":{"loc":{"start":{"line":90,"column":8},"end":{"line":90,"column":27}},"type":"binary-expr","locations":[{"start":{"line":90,"column":8},"end":{"line":90,"column":14}},{"start":{"line":90,"column":18},"end":{"line":90,"column":27}}],"line":90},"11":{"loc":{"start":{"line":98,"column":4},"end":{"line":103,"column":5}},"type":"if","locations":[{"start":{"line":98,"column":4},"end":{"line":103,"column":5}},{"start":{},"end":{}}],"line":98},"12":{"loc":{"start":{"line":105,"column":4},"end":{"line":110,"column":5}},"type":"if","locations":[{"start":{"line":105,"column":4},"end":{"line":110,"column":5}},{"start":{},"end":{}}],"line":105},"13":{"loc":{"start":{"line":113,"column":4},"end":{"line":118,"column":5}},"type":"if","locations":[{"start":{"line":113,"column":4},"end":{"line":118,"column":5}},{"start":{},"end":{}}],"line":113},"14":{"loc":{"start":{"line":153,"column":4},"end":{"line":158,"column":5}},"type":"if","locations":[{"start":{"line":153,"column":4},"end":{"line":158,"column":5}},{"start":{},"end":{}}],"line":153},"15":{"loc":{"start":{"line":153,"column":8},"end":{"line":153,"column":56}},"type":"binary-expr","locations":[{"start":{"line":153,"column":8},"end":{"line":153,"column":19}},{"start":{"line":153,"column":23},"end":{"line":153,"column":56}}],"line":153},"16":{"loc":{"start":{"line":164,"column":4},"end":{"line":169,"column":5}},"type":"if","locations":[{"start":{"line":164,"column":4},"end":{"line":169,"colum
[...]
,"C:\\Users\\HP\\Desktop\\WebDev(Individual)\\backend\\route\\adminRoute.jS": {"path":"C:\\Users\\HP\\Desktop\\WebDev(Individual)\\backend\\route\\adminRoute.jS","statementMap":{"0":{"start":{"line":1,"column":16},"end":{"line":1,"column":34}},"1":{"start":{"line":2,"column":16},"end":{"line":2,"column":32}},"2":{"start":{"line":7,"column":4},"end":{"line":7,"column":44}},"3":{"start":{"line":9,"column":33},"end":{"line":9,"column":72}},"4":{"start":{"line":11,"column":0},"end":{"line":11,"column":42}},"5":{"start":{"line":13,"column":0},"end":{"line":13,"column":31}},"6":{"start":{"line":14,"column":0},"end":{"line":14,"column":52}},"7":{"start":{"line":15,"column":0},"end":{"line":15,"column":52}},"8":{"start":{"line":16,"column":0},"end":{"line":16,"column":31}},"9":{"start":{"line":17,"column":0},"end":{"line":17,"column":46}},"10":{"start":{"line":18,"column":0},"end":{"line":18,"column":37}},"11":{"start":{"line":20,"column":0},"end":{"line":20,"column":24}}},"fnMap":{},"branchMap":{},"s":{"0":6,"1":6,"2":6,"3":6,"4":6,"5":6,"6":6,"7":6,"8":6,"9":6,"10":6,"11":6},"f":{},"b":{},"inputSourceMap":null,"_coverageSchema":"1a1c01bbd47fc00a2c39e90264f33305004495a9","hash":"df6104c3c02efe5395baa7c15862b2f7b7448570"}
,"C:\\Users\\HP\\Desktop\\WebDev(Individual)\\backend\\route\\bookingRoute.js": {"path":"C:\\Users\\HP\\Desktop\\WebDev(Individual)\\backend\\route\\bookingRoute.js","statementMap":{"0":{"start":{"line":1,"column":16},"end":{"line":1,"column":34}},"1":{"start":{"line":2,"column":16},"end":{"line":2,"column":32}},"2":{"start":{"line":11,"column":4},"end":{"line":11,"column":46}},"3":{"start":{"line":13,"column":33},"end":{"line":13,"column":72}},"4":{"start":{"line":15,"column":0},"end":{"line":15,"column":66}},"5":{"start":{"line":16,"column":0},"end":{"line":16,"column":42}},"6":{"start":{"line":17,"column":0},"end":{"line":17,"column":70}},"7":{"start":{"line":18,"column":0},"end":{"line":18,"column":51}},"8":{"start":{"line":19,"column":0},"end":{"line":19,"column":57}},"9":{"start":{"line":20,"column":0},"end":{"line":20,"column":40}},"10":{"start":{"line":22,"column":0},"end":{"line":22,"column":24}}},"fnMap":{},"branchMap":{},"s":{"0":6,"1":6,"2":6,"3":6,"4":6,"5":6,"6":6,"7":6,"8":6,"9":6,"10":6},"f":{},"b":{},"_coverageSchema":"1a1c01bbd47fc00a2c39e90264f33305004495a9","hash":"3cc566713679977f0db66d351a2650fb837cf0cd"}
,"C:\\Users\\HP\\Desktop\\WebDev(Individual)\\backend\\route\\disputeRoute.js": {"path":"C:\\Users\\HP\\Desktop\\WebDev(Individual)\\backend\\route\\disputeRoute.js","statementMap":{"0":{"start":{"line":1,"column":16},"end":{"line":1,"column":34}},"1":{"start":{"line":2,"column":16},"end":{"line":2,"column":32}},"2":{"start":{"line":4,"column":57},"end":{"line":4,"column":99}},"3":{"start":{"line":5,"column":33},"end":{"line":5,"column":72}},"4":{"start":{"line":7,"column":0},"end":{"line":7,"column":40}},"5":{"start":{"line":8,"column":0},"end":{"line":8,"column":63}},"6":{"start":{"line":9,"column":0},"end":{"line":9,"column":76}},"7":{"start":{"line":11,"column":0},"end":{"line":11,"column":24}}},"fnMap":{},"branchMap":{},"s":{"0":6,"1":6,"2":6,"3":6,"4":6,"5":6,"6":6,"7":6},"f":{},"b":{},"_coverageSchema":"1a1c01bbd47fc00a2c39e90264f33305004495a9","hash":"253ccda56ce59867a17b991dcf8d2e2b2d6e676b"}
,"C:\\Users\\HP\\Desktop\\WebDev(Individual)\\backend\\route\\messageRoute.js": {"path":"C:\\Users\\HP\\Desktop\\WebDev(Individual)\\backend\\route\\messageRoute.js","statementMap":{"0":{"start":{"line":1,"column":16},"end":{"line":1,"column":34}},"1":{"start":{"line":2,"column":16},"end":{"line":2,"column":32}},"2":{"start":{"line":4,"column":60},"end":{"line":4,"column":102}},"3":{"start":{"line":5,"column":20},"end":{"line":5,"column":59}},"4":{"start":{"line":7,"column":0},"end":{"line":7,"column":39}},"5":{"start":{"line":8,"column":0},"end":{"line":8,"column":57}},"6":{"start":{"line":9,"column":0},"end":{"line":9,"column":60}},"7":{"start":{"line":11,"column":0},"end":{"line":11,"column":24}}},"fnMap":{},"branchMap":{},"s":{"0":6,"1":6,"2":6,"3":6,"4":6,"5":6,"6":6,"7":6},"f":{},"b":{},"_coverageSchema":"1a1c01bbd47fc00a2c39e90264f33305004495a9","hash":"d128b58883f49c11bfd1683e16f41bed54abb706"}
,"C:\\Users\\HP\\Desktop\\WebDev(Individual)\\backend\\route\\notificationRoute.js": {"path":"C:\\Users\\HP\\Desktop\\WebDev(Individual)\\backend\\route\\notificationRoute.js","statementMap":{"0":{"start":{"line":1,"column":16},"end":{"line":1,"column":34}},"1":{"start":{"line":2,"column":16},"end":{"line":2,"column":32}},"2":{"start":{"line":4,"column":47},"end":{"line":4,"column":94}},"3":{"start":{"line":5,"column":20},"end":{"line":5,"column":59}},"4":{"start":{"line":7,"column":0},"end":{"line":7,"column":43}},"5":{"start":{"line":8,"column":0},"end":{"line":8,"column":44}},"6":{"start":{"line":9,"column":0},"end":{"line":9,"column":44}},"7":{"start":{"line":11,"column":0},"end":{"line":11,"column":24}}},"fnMap":{},"branchMap":{},"s":{"0":6,"1":6,"2":6,"3":6,"4":6,"5":6,"6":6,"7":6},"f":{},"b":{},"_coverageSchema":"1a1c01bbd47fc00a2c39e90264f33305004495a9","hash":"671e212d3c5900d6f992ece01d544968add6f775"}
,"C:\\Users\\HP\\Desktop\\WebDev(Individual)\\backend\\route\\paymentRoute.js": {"path":"C:\\Users\\HP\\Desktop\\WebDev(Individual)\\backend\\route\\paymentRoute.js","statementMap":{"0":{"start":{"line":1,"column":16},"end":{"line":1,"column":34}},"1":{"start":{"line":2,"column":16},"end":{"line":2,"column":32}},"2":{"start":{"line":3,"column":57},"end":{"line":3,"column":99}},"3":{"start":{"line":4,"column":20},"end":{"line":4,"column":59}},"4":{"start":{"line":6,"column":0},"end":{"line":6,"column":55}},"5":{"start":{"line":7,"column":0},"end":{"line":7,"column":44}},"6":{"start":{"line":8,"column":0},"end":{"line":8,"column":61}},"7":{"start":{"line":10,"column":0},"end":{"line":10,"column":24}}},"fnMap":{},"branchMap":{},"s":{"0":6,"1":6,"2":6,"3":6,"4":6,"5":6,"6":6,"7":6},"f":{},"b":{},"_coverageSchema":"1a1c01bbd47fc00a2c39e90264f33305004495a9","hash":"1a1ec487d463a09482c1fefc43b35b8f9f765160"}
,"C:\\Users\\HP\\Desktop\\WebDev(Individual)\\backend\\route\\reviewRoute.js": {"path":"C:\\Users\\HP\\Desktop\\WebDev(Individual)\\backend\\route\\reviewRoute.js","statementMap":{"0":{"start":{"line":1,"column":16},"end":{"line":1,"column":34}},"1":{"start":{"line":2,"column":16},"end":{"line":2,"column":32}},"2":{"start":{"line":4,"column":59},"end":{"line":4,"column":100}},"3":{"start":{"line":5,"column":33},"end":{"line":5,"column":72}},"4":{"start":{"line":7,"column":0},"end":{"line":7,"column":65}},"5":{"start":{"line":8,"column":0},"end":{"line":8,"column":46}},"6":{"start":{"line":9,"column":0},"end":{"line":9,"column":72}},"7":{"start":{"line":11,"column":0},"end":{"line":11,"column":24}}},"fnMap":{},"branchMap":{},"s":{"0":6,"1":6,"2":6,"3":6,"4":6,"5":6,"6":6,"7":6},"f":{},"b":{},"_coverageSchema":"1a1c01bbd47fc00a2c39e90264f33305004495a9","hash":"6b8b112d2bef970d39bb1ea501fa87bbe5428d66"}
,"C:\\Users\\HP\\Desktop\\WebDev(Individual)\\backend\\route\\userRoute.js": {"path":"C:\\Users\\HP\\Desktop\\WebDev(Individual)\\backend\\route\\userRoute.js","statementMap":{"0":{"start":{"line":1,"column":16},"end":{"line":1,"column":34}},"1":{"start":{"line":2,"column":16},"end":{"line":2,"column":32}},"2":{"start":{"line":4,"column":35},"end":{"line":4,"column":74}},"3":{"start":{"line":5,"column":20},"end":{"line":5,"column":59}},"4":{"start":{"line":6,"column":17},"end":{"line":6,"column":50}},"5":{"start":{"line":7,"column":89},"end":{"line":7,"column":128}},"6":{"start":{"line":9,"column":0},"end":{"line":9,"column":40}},"7":{"start":{"line":10,"column":0},"end":{"line":10,"column":34}},"8":{"start":{"line":11,"column":0},"end":{"line":11,"column":39}},"9":{"start":{"line":12,"column":0},"end":{"line":12,"column":51}},"10":{"start":{"line":13,"column":0},"end":{"line":13,"column":43}},"11":{"start":{"line":14,"column":0},"end":{"line":14,"column":51}},"12":{"start":{"line":15,"column":0},"end":{"line":17,"column":2}},"13":{"start":{"line":19,"column":0},"end":{"line":22,"column":2}},"14":{"start":{"line":24,"column":0},"end":{"line":24,"column":59}},"15":{"start":{"line":26,"column":0},"end":{"line":26,"column":24}}},"fnMap":{},"branchMap":{},"s":{"0":6,"1":6,"2":6,"3":6,"4":6,"5":6,"6":6,"7":6,"8":6,"9":6,"10":6,"11":6,"12":6,"13":6,"14":6,"15":6},"f":{},"b":{},"_coverageSchema":"1a1c01bbd47fc00a2c39e90264f33305004495a9","hash":"06055a874542d2155c70b6abd88386f3325c4b60"}
,"C:\\Users\\HP\\Desktop\\WebDev(Individual)\\backend\\route\\vehicleRoute.js": {"path":"C:\\Users\\HP\\Desktop\\WebDev(Individual)\\backend\\route\\vehicleRoute.js","statementMap":{"0":{"start":{"line":1,"column":16},"end":{"line":1,"column":34}},"1":{"start":{"line":2,"column":16},"end":{"line":2,"column":32}},"2":{"start":{"line":12,"column":4},"end":{"line":12,"column":46}},"3":{"start":{"line":14,"column":33},"end":{"line":14,"column":72}},"4":{"start":{"line":15,"column":32},"end":{"line":15,"column":73}},"5":{"start":{"line":16,"column":0},"end":{"line":16,"column":29}},"6":{"start":{"line":18,"column":0},"end":{"line":18,"column":70}},"7":{"start":{"line":20,"column":0},"end":{"line":20,"column":103}},"8":{"start":{"line":21,"column":0},"end":{"line":21,"column":46}},"9":{"start":{"line":23,"column":0},"end":{"line":23,"column":49}},"10":{"start":{"line":26,"column":0},"end":{"line":26,"column":35}},"11":{"start":{"line":28,"column":0},"end":{"line":28,"column":24}}},"fnMap":{},"branchMap":{},"s":{"0":6,"1":6,"2":6,"3":6,"4":6,"5":6,"6":6,"7":6,"8":6,"9":6,"10":6,"11":6},"f":{},"b":{},"_coverageSchema":"1a1c01bbd47fc00a2c39e90264f33305004495a9","hash":"3691cf33a5479848c1088dce7b7dbcf79de02fca"}
,"C:\\Users\\HP\\Desktop\\WebDev(Individual)\\backend\\service\\emailService.js": {"path":"C:\\Users\\HP\\Desktop\\WebDev(Individual)\\backend\\service\\emailService.js","statementMap":{"0":{"start":{"line":1,"column":19},"end":{"line":1,"column":40}},"1":{"start":{"line":2,"column":20},"end":{"line":8,"column":2}},"2":{"start":{"line":10,"column":21},"end":{"line":36,"column":1}},"3":{"start":{"line":11,"column":22},"end":{"line":25,"column":3}},"4":{"start":{"line":27,"column":2},"end":{"line":35,"column":3}},"5":{"start":{"line":28,"column":4},"end":{"line":28,"column":44}},"6":{"start":{"line":29,"column":4},"end":{"line":29,"column":43}},"7":{"start":{"line":30,"column":4},"end":{"line":30,"column":16}},"8":{"start":{"line":32,"column":4},"end":{"line":32,"column":53}},"9":{"start":{"line":33,"column":4},"end":{"line":33,"column":55}},"10":{"start":{"line":34,"column":4},"end":{"line":34,"column":17}},"11":{"start":{"line":38,"column":0},"end":{"line":38,"column":34}}},"fnMap":{"0":{"name":"(anonymous_0)","decl":{"start":{"line":10,"column":21},"end":{"line":10,"column":22}},"loc":{"start":{"line":10,"column":40},"end":{"line":36,"column":1}},"line":10}},"branchMap":{},"s":{"0":6,"1":6,"2":6,"3":0,"4":0,"5":0,"6":0,"7":0,"8":0,"9":0,"10":0,"11":6},"f":{"0":0},"b":{},"_coverageSchema":"1a1c01bbd47fc00a2c39e90264f33305004495a9","hash":"cb4c8d3c6244157c82ba9e573aaefe7c7d087aaf"}
,"C:\\Users\\HP\\Desktop\\WebDev(Individual)\\backend\\service\\pdfService.js": {"path":"C:\\Users\\HP\\Desktop\\WebDev(Individual)\\backend\\service\\pdfService.js","statementMap":{"0":{"start":{"line":1,"column":20},"end":{"line":1,"column":37}},"1":{"start":{"line":3,"column":29},"end":{"line":131,"column":1}},"2":{"start":{"line":4,"column":14},"end":{"line":4,"column":57}},"3":{"start":{"line":6,"column":2},"end":{"line":6,"column":51}},"4":{"start":{"line":7,"column":2},"end":{"line":10,"column":4}},"5":{"start":{"line":11,"column":2},"end":{"line":11,"column":16}},"6":{"start":{"line":13,"column":2},"end":{"line":14,"column":32}},"7":{"start":{"line":15,"column":2},"end":{"line":16,"column":69}},"8":{"start":{"line":18,"column":2},"end":{"line":18,"column":84}},"9":{"start":{"line":20,"column":2},"end":{"line":21,"column":39}},"10":{"start":{"line":22,"column":2},"end":{"line":25,"column":80}},"11":{"start":{"line":27,"column":2},"end":{"line":27,"column":84}},"12":{"start":{"line":29,"column":2},"end":{"line":29,"column":96}},"13":{"start":{"line":30,"column":2},"end":{"line":34,"column":58}},"14":{"start":{"line":36,"column":2},"end":{"line":36,"column":84}},"15":{"start":{"line":38,"column":2},"end":{"line":38,"column":95}},"16":{"start":{"line":39,"column":2},"end":{"line":41,"column":65}},"17":{"start":{"line":43,"column":2},"end":{"line":43,"column":95}},"18":{"start":{"line":44,"column":2},"end":{"line":46,"column":63}},"19":{"start":{"line":48,"column":2},"end":{"line":48,"column":84}},"20":{"start":{"line":50,"column":2},"end":{"line":50,"column":94}},"21":{"start":{"line":51,"column":14},"end":{"line":51,"column":112}},"22":{"start":{"line":51,"column":21},"end":{"line":51,"column":112}},"23":{"start":{"line":52,"column":2},"end":{"line":56,"column":81}},"24":{"start":{"line":58,"column":2},"end":{"line":60,"column":3}},"25":{"start":{"line":59,"column":4},"end":{"line":59,"column":69}},"26":{"start":{"line":62,"column":2},"end":{"line":62,"column":84}},"27":{"start":{"line":64,"column":2},"end":{"line":64,"column":95}},"28":{"start":{"line":66,"column":15},"end":{"line":66,"column":17}},"29":{"start":{"line":66,"column":26},"end":{"line":66,"column":29}},"30":{"start":{"line":66,"column":38},"end":{"line":66,"column":40}},"31":{"start":{"line":67,"column":10},"end":{"line":67,"column":13}},"32":{"start":{"line":69,"column":2},"end":{"line":69,"column":55}},"33":{"start":{"line":70,"column":2},"end":{"line":70,"column":102}},"34":{"start":{"line":71,"column":2},"end":{"line":71,"column":12}},"35":{"start":{"line":73,"column":2},"end":{"line":76,"column":3}},"36":{"start":{"line":74,"column":4},"end":{"line":74,"column":106}},"37":{"start":{"line":75,"column":4},"end":{"line":75,"column":14}},"38":{"start":{"line":78,"column":2},"end":{"line":78,"column":74}},"39":{"start":{"line":79,"column":2},"end":{"line":79,"column":12}},"40":{"start":{"line":80,"column":2},"end":{"line":80,"column":98}},"41":{"start":{"line":81,"column":2},"end":{"line":81,"column":12}},"42":{"start":{"line":82,"column":2},"end":{"line":82,"column":106}},"43":{"start":{"line":83,"column":2},"end":{"line":83,"column":16}},"44":{"start":{"line":85,"column":2},"end":{"line":85,"column":82}},"45":{"start":{"line":86,"column":2},"end":{"line":86,"column":9}},"46":{"start":{"line":88,"column":2},"end":{"line":90,"column":74}},"47":{"start":{"line":92,"column":2},"end":{"line":92,"column":10}},"48":{"start":{"line":93,"column":2},"end":{"line":93,"column":80}},"49":{"start":{"line":94,"column":2},"end":{"line":94,"column":10}},"50":{"start":{"line":96,"column":2},"end":{"line":96,"column":97}},"51":{"start":{"line":97,"column":2},"end":{"line":97,"column":10}},"52":{"start":{"line":98,"column":16},"end":{"line":105,"column":3}},"53":{"start":{"line":106,"column":2},"end":{"line":106,"column":54}},"54":{"start":{"line":107,"column":2},"end":{"line":110,"column":5}},"55":{"start":{"line":108,"column":4},"end":{"line":108,"column":39}},"56":{"start":{"line":109,"column":4},"end":{"line":109,"column":12}},"57":{"start":{"line":112,"column":2},"end":{"line":112,"column":10}},"58":{"start":{"line":113,"column":2},"end":{"line":113,"column":80}},"59":{"start":{"line":114,"column":2},"end":{"line":114,"column":10}},"60":{"start":{"line":116,"column":2},"end":{"line":118,"column":37}},"61":{"start":{"line":119,"column":2},"end":{"line":119,"column":10}},"62":{"start":{"line":120,"column":2},"end":{"line":120,"column":77}},"63":{"start":{"line":121,"column":2},"end":{"line":121,"column":78}},"64":{"start":{"line":122,"column":2},"end":{"line":122,"column":10}},"65":{"start":{"line":123,"column":2},"end":{"line":125,"column":38}},"66":{"start":{"line":127,"column":2},"end":{"line":128,"column":138}},"67":{"start":{"line":130,"column":2},"end":{"line":130,"column":12}},"68":{"start":{"line":133,"column":0},"end":{"line":133,"column":42}}},"fnMap":{"0":{"name":"(anonymous_0)","decl":{"start":{"line":3,"column":29},"end":{"line":3,"column":30}},"loc":{"start":{"line":3,"column":47},"end":{"line":131,"column":1}},"line":3},"1":{"name":"(anonymous_1)","decl":{"start":{"line":51,"column":14},"end":{"line":51,"column":15}},"loc":{"start":{"line":51,"column":21},"end":{"line":51,"column":112}},"line":51},"2":{"name":"(anonymous_2)","decl":{"start":{"line":107,"column":16},"end":{"line":107,"column":17}},"loc":{"start":{"line":107,"column":23},"end":{"line":110,"column":3}},"line":107}},"branchMap":{"0":{"loc":{"start":{"line":41,"column":21},"end":{"line":41,"column":52}},"type":"binary-expr","locations":[{"start":{"line":41,"column":21},"end":{"line":41,"column":43}},{"start":{"line":41,"column":47},"end":{"line":41,"column":52}}],"line":41},"1":{"loc":{"start":{"line":46,"column":21},"end":{"line":46,"column":49}},"type":"binary-expr","locations":[{"start":{"line":46,"column":21},"end":{"line":46,"column":40}},{"start":{"line":46,"column":44},"end":{"line":46,"column":49}}],"line":46},"2":{"loc":{"start":{"line":56,"column":30},"end":{"line":56,"column":68}},"type":"cond-expr","locations":[{"start":{"line":56,"column":56},"end":{"line":56,"column":61}},{"start":{"line":56,"column":64},"end":{"line":56,"column":68}}],"line":56},"3":{"loc":{"start":{"line":58,"column":2},"end":{"line":60,"column":3}},"type":"if","locations":[{"start":{"line":58,"column":2},"end":{"line":60,"column":3}},{"start":{},"end":{}}],"line":58},"4":{"loc":{"start":{"line":73,"column":2},"end":{"line":76,"column":3}},"type":"if","locations":[{"start":{"line":73,"column":2},"end":{"line":76,"column":3}},{"start":{},"end":{}}],"line":73},"5":{"loc":{"start":{"line":73,"column":6},"end":{"line":73,"column":64}},"type":"binary-expr","locations":[{"start":{"line":73,"column":6},"end":{"line":73,"column":29}},{"start":{"line":73,"column":33},"end":{"line":73,"column":64}}],"line":73}},"s":{"0":4,"1":4,"2":0,"3":0,"4":0,"5":0,"6":0,"7":0,"8":0,"9":0,"10":0,"11":0,"12":0,"13":0,"14":0,"15":0,"16":0,"17":0,"18":0,"19":0,"20":0,"21":0,"22":0,"23":0,"24":0,"25":0,"26":0,"27":0,"28":0,"29":0,"30":0,"31":0,"32":0,"33":0,"34":0,"35":0,"36":0,"37":0,"38":0,"39":0,"40":0,"41":0,"42":0,"43":0,"44":0,"45":0,"46":0,"47":0,"48":0,"49":0,"50":0,"51":0,"52":0,"53":0,"54":0,"55":0,"56":0,"57":0,"58":0,"59":0,"60":0,"61":0,"62":0,"63":0,"64":0,"65":0,"66":0,"67":0,"68":4},"f":{"0":0,"1":0,"2":0},"b":{"0":[0,0],"1":[0,0],"2":[0,0],"3":[0,0],"4":[0,0],"5":[0,0]},"_coverageSchema":"1a1c01bbd47fc00a2c39e90264f33305004495a9","hash":"b0733c477040e4706af5945f028d9d5fe0e68a6b"}
}
