TN:
SF:server.js
FN:29,(anonymous_0)
FN:33,(anonymous_1)
FN:52,(anonymous_2)
FN:74,(anonymous_3)
FNF:4
FNH:1
FNDA:0,(anonymous_0)
FNDA:0,(anonymous_1)
FNDA:6,(anonymous_2)
FNDA:0,(anonymous_3)
DA:1,6
DA:3,6
DA:4,6
DA:5,6
DA:7,6
DA:8,6
DA:9,6
DA:10,6
DA:12,6
DA:13,6
DA:15,6
DA:16,6
DA:17,6
DA:18,6
DA:19,6
DA:20,6
DA:22,6
DA:26,6
DA:28,6
DA:29,6
DA:30,0
DA:33,6
DA:34,0
DA:35,0
DA:36,0
DA:38,0
DA:42,6
DA:43,6
DA:44,6
DA:45,6
DA:46,6
DA:47,6
DA:48,6
DA:49,6
DA:50,6
DA:52,6
DA:53,6
DA:54,6
DA:55,6
DA:56,6
DA:57,6
DA:58,5
DA:59,0
DA:60,0
DA:65,0
DA:68,0
DA:71,6
DA:73,6
DA:74,0
DA:75,0
DA:79,6
LF:51
LH:40
BRDA:13,0,0,6
BRDA:13,0,1,0
BRDA:23,1,0,6
BRDA:23,1,1,0
BRDA:58,2,0,0
BRDA:58,2,1,5
BRDA:73,3,0,0
BRDA:73,3,1,6
BRF:8
BRH:4
end_of_record
TN:
SF:controller\adminController.js
FN:4,(anonymous_0)
FN:14,(anonymous_1)
FN:23,(anonymous_2)
FN:42,(anonymous_3)
FN:51,(anonymous_4)
FN:60,(anonymous_5)
FN:71,(anonymous_6)
FNF:7
FNH:0
FNDA:0,(anonymous_0)
FNDA:0,(anonymous_1)
FNDA:0,(anonymous_2)
FNDA:0,(anonymous_3)
FNDA:0,(anonymous_4)
FNDA:0,(anonymous_5)
FNDA:0,(anonymous_6)
DA:1,6
DA:2,6
DA:4,6
DA:5,0
DA:6,0
DA:7,0
DA:9,0
DA:10,0
DA:14,6
DA:15,0
DA:16,0
DA:17,0
DA:19,0
DA:23,6
DA:24,0
DA:25,0
DA:26,0
DA:27,0
DA:30,0
DA:31,0
DA:32,0
DA:35,0
DA:37,0
DA:44,0
DA:46,0
DA:47,0
DA:51,6
DA:52,0
DA:53,0
DA:54,0
DA:56,0
DA:60,6
DA:61,0
DA:62,0
DA:63,0
DA:64,0
DA:65,0
DA:67,0
DA:71,6
DA:72,0
DA:73,0
DA:74,0
DA:76,0
DA:80,6
LF:44
LH:9
BRDA:26,0,0,0
BRDA:26,0,1,0
BRDA:31,1,0,0
BRDA:31,1,1,0
BRDA:64,2,0,0
BRDA:64,2,1,0
BRF:6
BRH:0
end_of_record
TN:
SF:controller\authController.js
FN:5,(anonymous_0)
FN:7,(anonymous_1)
FN:33,(anonymous_2)
FN:52,(anonymous_3)
FN:80,(anonymous_4)
FN:83,(anonymous_5)
FN:116,(anonymous_6)
FNF:7
FNH:0
FNDA:0,(anonymous_0)
FNDA:0,(anonymous_1)
FNDA:0,(anonymous_2)
FNDA:0,(anonymous_3)
FNDA:0,(anonymous_4)
FNDA:0,(anonymous_5)
FNDA:0,(anonymous_6)
DA:1,6
DA:2,6
DA:3,6
DA:5,6
DA:7,6
DA:8,0
DA:9,0
DA:10,0
DA:11,0
DA:14,0
DA:16,0
DA:17,0
DA:18,0
DA:19,0
DA:20,0
DA:23,0
DA:28,0
DA:29,0
DA:33,6
DA:34,0
DA:35,0
DA:36,0
DA:37,0
DA:40,0
DA:41,0
DA:42,0
DA:45,0
DA:47,0
DA:48,0
DA:52,6
DA:53,0
DA:54,0
DA:55,0
DA:56,0
DA:58,0
DA:59,0
DA:62,0
DA:63,0
DA:64,0
DA:67,0
DA:68,0
DA:69,0
DA:71,0
DA:73,0
DA:74,0
DA:78,6
DA:80,6
DA:81,0
DA:83,6
DA:84,0
DA:85,0
DA:87,0
DA:89,0
DA:90,0
DA:91,0
DA:92,0
DA:93,0
DA:97,0
DA:98,0
DA:99,0
DA:102,0
DA:109,0
DA:111,0
DA:112,0
DA:116,6
DA:117,0
DA:118,0
DA:119,0
DA:120,0
DA:122,0
DA:123,0
DA:127,0
DA:128,0
DA:130,0
DA:133,0
DA:134,0
DA:135,0
DA:136,0
DA:139,0
DA:147,0
DA:148,0
DA:150,0
DA:151,0
DA:155,6
LF:84
LH:12
BRDA:10,0,0,0
BRDA:10,0,1,0
BRDA:16,1,0,0
BRDA:16,1,1,0
BRDA:16,2,0,0
BRDA:16,2,1,0
BRDA:36,3,0,0
BRDA:36,3,1,0
BRDA:36,4,0,0
BRDA:36,4,1,0
BRDA:41,5,0,0
BRDA:41,5,1,0
BRDA:55,6,0,0
BRDA:55,6,1,0
BRDA:55,7,0,0
BRDA:55,7,1,0
BRDA:55,7,2,0
BRDA:58,8,0,0
BRDA:58,8,1,0
BRDA:63,9,0,0
BRDA:63,9,1,0
BRDA:89,10,0,0
BRDA:89,10,1,0
BRDA:91,11,0,0
BRDA:91,11,1,0
BRDA:97,12,0,0
BRDA:97,12,1,0
BRDA:119,13,0,0
BRDA:119,13,1,0
BRDA:119,14,0,0
BRDA:119,14,1,0
BRDA:122,15,0,0
BRDA:122,15,1,0
BRDA:134,16,0,0
BRDA:134,16,1,0
BRF:35
BRH:0
end_of_record
TN:
SF:controller\bookingController.js
FN:7,(anonymous_0)
FN:16,(anonymous_1)
FN:23,(anonymous_2)
FN:98,(anonymous_3)
FN:111,(anonymous_4)
FN:121,(anonymous_5)
FN:143,(anonymous_6)
FN:165,(anonymous_7)
FN:202,(anonymous_8)
FNF:9
FNH:5
FNDA:1,(anonymous_0)
FNDA:1,(anonymous_1)
FNDA:7,(anonymous_2)
FNDA:0,(anonymous_3)
FNDA:3,(anonymous_4)
FNDA:0,(anonymous_5)
FNDA:0,(anonymous_6)
FNDA:7,(anonymous_7)
FNDA:0,(anonymous_8)
DA:1,6
DA:2,6
DA:3,6
DA:5,6
DA:7,6
DA:8,1
DA:9,1
DA:10,1
DA:11,6
DA:13,1
DA:16,6
DA:17,1
DA:18,1
DA:19,1
DA:20,1
DA:23,6
DA:24,7
DA:28,7
DA:30,7
DA:31,2
DA:37,5
DA:38,5
DA:39,5
DA:40,5
DA:42,5
DA:43,0
DA:45,5
DA:46,0
DA:48,5
DA:49,1
DA:52,4
DA:53,3
DA:54,1
DA:57,2
DA:58,0
DA:61,2
DA:62,0
DA:64,2
DA:65,0
DA:68,2
DA:69,2
DA:70,1
DA:76,1
DA:77,1
DA:78,1
DA:79,1
DA:80,1
DA:81,1
DA:83,1
DA:93,1
DA:100,1
DA:106,1
DA:107,1
DA:111,6
DA:112,3
DA:113,3
DA:114,2
DA:116,1
DA:117,1
DA:121,6
DA:122,0
DA:123,0
DA:124,0
DA:125,0
DA:128,0
DA:129,0
DA:130,0
DA:132,0
DA:133,0
DA:136,0
DA:138,0
DA:139,0
DA:143,6
DA:144,0
DA:145,0
DA:146,0
DA:148,0
DA:149,0
DA:153,6
DA:160,6
DA:165,6
DA:166,7
DA:167,7
DA:168,7
DA:169,1
DA:172,6
DA:173,5
DA:174,1
DA:177,4
DA:178,4
DA:180,4
DA:181,1
DA:184,3
DA:185,3
DA:187,3
DA:188,1
DA:194,2
DA:195,2
DA:197,1
DA:198,1
DA:202,6
DA:203,0
DA:204,0
DA:205,0
DA:206,0
DA:209,0
DA:210,0
DA:211,0
DA:213,0
DA:214,0
DA:217,0
DA:219,0
DA:220,0
DA:224,6
LF:114
LH:80
BRDA:5,0,0,6
BRDA:5,0,1,6
BRDA:30,1,0,2
BRDA:30,1,1,5
BRDA:30,2,0,7
BRDA:30,2,1,6
BRDA:30,2,2,5
BRDA:42,3,0,0
BRDA:42,3,1,5
BRDA:42,4,0,5
BRDA:42,4,1,5
BRDA:45,5,0,0
BRDA:45,5,1,5
BRDA:48,6,0,1
BRDA:48,6,1,4
BRDA:53,7,0,1
BRDA:53,7,1,2
BRDA:53,8,0,3
BRDA:53,8,1,2
BRDA:57,9,0,0
BRDA:57,9,1,2
BRDA:61,10,0,0
BRDA:61,10,1,2
BRDA:61,11,0,2
BRDA:61,11,1,0
BRDA:64,12,0,0
BRDA:64,12,1,2
BRDA:64,13,0,2
BRDA:64,13,1,2
BRDA:69,14,0,1
BRDA:69,14,1,1
BRDA:78,15,0,0
BRDA:78,15,1,1
BRDA:124,16,0,0
BRDA:124,16,1,0
BRDA:132,17,0,0
BRDA:132,17,1,0
BRDA:132,18,0,0
BRDA:132,18,1,0
BRDA:132,18,2,0
BRDA:168,19,0,1
BRDA:168,19,1,6
BRDA:173,20,0,1
BRDA:173,20,1,4
BRDA:180,21,0,1
BRDA:180,21,1,3
BRDA:180,22,0,4
BRDA:180,22,1,1
BRDA:184,23,0,3
BRDA:184,23,1,0
BRDA:185,24,0,3
BRDA:185,24,1,1
BRDA:187,25,0,1
BRDA:187,25,1,2
BRDA:205,26,0,0
BRDA:205,26,1,0
BRDA:213,27,0,0
BRDA:213,27,1,0
BRDA:213,28,0,0
BRDA:213,28,1,0
BRDA:213,28,2,0
BRF:61
BRH:39
end_of_record
TN:
SF:controller\disputeController.js
FN:4,(anonymous_0)
FN:34,(anonymous_1)
FN:43,(anonymous_2)
FNF:3
FNH:0
FNDA:0,(anonymous_0)
FNDA:0,(anonymous_1)
FNDA:0,(anonymous_2)
DA:1,6
DA:2,6
DA:4,6
DA:5,0
DA:6,0
DA:7,0
DA:8,0
DA:11,0
DA:12,0
DA:13,0
DA:15,0
DA:16,0
DA:19,0
DA:20,0
DA:21,0
DA:24,0
DA:27,0
DA:29,0
DA:30,0
DA:34,6
DA:35,0
DA:36,0
DA:37,0
DA:39,0
DA:43,6
DA:44,0
DA:45,0
DA:46,0
DA:47,0
DA:49,0
DA:50,0
DA:51,0
DA:53,0
DA:57,6
LF:34
LH:6
BRDA:7,0,0,0
BRDA:7,0,1,0
BRDA:7,1,0,0
BRDA:7,1,1,0
BRDA:12,2,0,0
BRDA:12,2,1,0
BRDA:15,3,0,0
BRDA:15,3,1,0
BRDA:15,4,0,0
BRDA:15,4,1,0
BRDA:20,5,0,0
BRDA:20,5,1,0
BRDA:46,6,0,0
BRDA:46,6,1,0
BRDA:46,7,0,0
BRDA:46,7,1,0
BRDA:50,8,0,0
BRDA:50,8,1,0
BRF:18
BRH:0
end_of_record
TN:
SF:controller\messageController.js
FN:5,(anonymous_0)
FN:34,(anonymous_1)
FN:43,(anonymous_2)
FN:73,(anonymous_3)
FNF:4
FNH:0
FNDA:0,(anonymous_0)
FNDA:0,(anonymous_1)
FNDA:0,(anonymous_2)
FNDA:0,(anonymous_3)
DA:1,6
DA:2,6
DA:3,6
DA:5,6
DA:6,0
DA:7,0
DA:8,0
DA:9,0
DA:12,0
DA:13,0
DA:14,0
DA:17,0
DA:18,0
DA:19,0
DA:20,0
DA:23,0
DA:25,0
DA:29,0
DA:36,0
DA:38,0
DA:39,0
DA:43,6
DA:44,0
DA:45,0
DA:46,0
DA:47,0
DA:49,0
DA:50,0
DA:53,0
DA:54,0
DA:56,0
DA:68,0
DA:69,0
DA:73,6
DA:74,0
DA:75,0
DA:76,0
DA:78,0
DA:79,0
DA:83,6
LF:40
LH:7
BRDA:8,0,0,0
BRDA:8,0,1,0
BRDA:8,1,0,0
BRDA:8,1,1,0
BRDA:13,2,0,0
BRDA:13,2,1,0
BRDA:19,3,0,0
BRDA:19,3,1,0
BRDA:19,4,0,0
BRDA:19,4,1,0
BRDA:23,5,0,0
BRDA:23,5,1,0
BRDA:46,6,0,0
BRDA:46,6,1,0
BRDA:49,7,0,0
BRDA:49,7,1,0
BRDA:49,8,0,0
BRDA:49,8,1,0
BRDA:63,9,0,0
BRDA:63,9,1,0
BRF:20
BRH:0
end_of_record
TN:
SF:controller\notificationController.js
FN:3,(anonymous_0)
FN:14,(anonymous_1)
FN:23,(anonymous_2)
FNF:3
FNH:0
FNDA:0,(anonymous_0)
FNDA:0,(anonymous_1)
FNDA:0,(anonymous_2)
DA:1,6
DA:3,6
DA:4,0
DA:5,0
DA:6,0
DA:7,0
DA:9,0
DA:10,0
DA:14,6
DA:15,0
DA:16,0
DA:17,0
DA:19,0
DA:23,6
DA:24,0
DA:25,0
DA:26,0
DA:28,0
DA:32,6
LF:19
LH:5
BRF:0
BRH:0
end_of_record
TN:
SF:controller\paymentController.js
FN:11,(anonymous_0)
FN:14,(anonymous_1)
FN:67,(anonymous_2)
FN:76,(anonymous_3)
FN:98,(anonymous_4)
FN:107,(anonymous_5)
FNF:6
FNH:0
FNDA:0,(anonymous_0)
FNDA:0,(anonymous_1)
FNDA:0,(anonymous_2)
FNDA:0,(anonymous_3)
FNDA:0,(anonymous_4)
FNDA:0,(anonymous_5)
DA:1,6
DA:2,6
DA:3,6
DA:4,6
DA:6,6
DA:7,6
DA:8,6
DA:9,6
DA:11,6
DA:12,0
DA:14,6
DA:15,0
DA:16,0
DA:17,0
DA:18,0
DA:19,0
DA:20,0
DA:22,0
DA:23,0
DA:24,0
DA:26,0
DA:27,0
DA:28,0
DA:29,0
DA:31,0
DA:32,0
DA:41,0
DA:44,0
DA:62,0
DA:63,0
DA:67,6
DA:68,0
DA:69,0
DA:70,0
DA:72,0
DA:73,0
DA:75,0
DA:76,0
DA:77,0
DA:79,0
DA:80,0
DA:82,0
DA:83,0
DA:85,0
DA:86,0
DA:88,0
DA:89,0
DA:91,0
DA:93,0
DA:100,0
DA:102,0
DA:103,0
DA:107,6
DA:108,0
DA:109,0
DA:110,0
DA:112,0
DA:116,6
LF:58
LH:13
BRDA:6,0,0,6
BRDA:6,0,1,0
BRDA:7,1,0,6
BRDA:7,1,1,0
BRDA:8,2,0,6
BRDA:8,2,1,0
BRDA:9,3,0,6
BRDA:9,3,1,0
BRDA:18,4,0,0
BRDA:18,4,1,0
BRDA:19,5,0,0
BRDA:19,5,1,0
BRDA:23,6,0,0
BRDA:23,6,1,0
BRDA:23,7,0,0
BRDA:23,7,1,0
BRDA:31,8,0,0
BRDA:31,8,1,0
BRDA:70,9,0,0
BRDA:70,9,1,0
BRDA:79,10,0,0
BRDA:79,10,1,0
BRDA:82,11,0,0
BRDA:82,11,1,0
BRDA:86,12,0,0
BRDA:86,12,1,0
BRDA:88,13,0,0
BRDA:88,13,1,0
BRDA:110,14,0,0
BRDA:110,14,1,0
BRF:30
BRH:4
end_of_record
TN:
SF:controller\reviewController.js
FN:4,(anonymous_0)
FN:47,(anonymous_1)
FN:57,(anonymous_2)
FNF:3
FNH:0
FNDA:0,(anonymous_0)
FNDA:0,(anonymous_1)
FNDA:0,(anonymous_2)
DA:1,6
DA:2,6
DA:4,6
DA:5,0
DA:6,0
DA:8,0
DA:9,0
DA:11,0
DA:12,0
DA:15,0
DA:16,0
DA:17,0
DA:19,0
DA:20,0
DA:22,0
DA:23,0
DA:26,0
DA:27,0
DA:28,0
DA:31,0
DA:40,0
DA:42,0
DA:43,0
DA:47,6
DA:48,0
DA:49,0
DA:50,0
DA:52,0
DA:53,0
DA:57,6
DA:58,0
DA:59,0
DA:60,0
DA:61,0
DA:64,0
DA:65,0
DA:66,0
DA:68,0
DA:69,0
DA:72,0
DA:73,0
DA:75,0
DA:76,0
DA:80,6
LF:44
LH:6
BRDA:8,0,0,0
BRDA:8,0,1,0
BRDA:8,1,0,0
BRDA:8,1,1,0
BRDA:11,2,0,0
BRDA:11,2,1,0
BRDA:11,3,0,0
BRDA:11,3,1,0
BRDA:16,4,0,0
BRDA:16,4,1,0
BRDA:19,5,0,0
BRDA:19,5,1,0
BRDA:22,6,0,0
BRDA:22,6,1,0
BRDA:27,7,0,0
BRDA:27,7,1,0
BRDA:60,8,0,0
BRDA:60,8,1,0
BRDA:65,9,0,0
BRDA:65,9,1,0
BRDA:68,10,0,0
BRDA:68,10,1,0
BRF:22
BRH:0
end_of_record
TN:
SF:controller\userController.js
FN:5,(anonymous_0)
FN:13,(anonymous_1)
FN:86,(anonymous_2)
FN:148,(anonymous_3)
FNF:4
FNH:3
FNDA:3,(anonymous_0)
FNDA:8,(anonymous_1)
FNDA:9,(anonymous_2)
FNDA:0,(anonymous_3)
DA:1,6
DA:2,6
DA:3,6
DA:5,6
DA:6,3
DA:13,6
DA:14,8
DA:15,8
DA:17,8
DA:18,3
DA:24,5
DA:25,5
DA:26,1
DA:32,4
DA:33,1
DA:39,3
DA:40,3
DA:41,0
DA:47,3
DA:48,3
DA:49,1
DA:55,2
DA:56,2
DA:58,2
DA:66,1
DA:68,1
DA:78,1
DA:79,1
DA:86,6
DA:87,9
DA:88,9
DA:90,9
DA:91,2
DA:97,7
DA:98,6
DA:99,1
DA:105,5
DA:106,1
DA:112,4
DA:113,3
DA:114,1
DA:120,2
DA:122,1
DA:140,3
DA:141,3
DA:148,6
DA:149,0
DA:151,0
DA:153,0
DA:154,0
DA:160,0
DA:161,0
DA:163,0
DA:164,0
DA:165,0
DA:171,0
DA:177,0
DA:178,0
DA:180,0
DA:181,0
DA:183,0
DA:187,6
LF:62
LH:46
BRDA:17,0,0,3
BRDA:17,0,1,5
BRDA:17,1,0,8
BRDA:17,1,1,7
BRDA:17,1,2,6
BRDA:25,2,0,1
BRDA:25,2,1,4
BRDA:32,3,0,1
BRDA:32,3,1,3
BRDA:40,4,0,0
BRDA:40,4,1,3
BRDA:40,5,0,3
BRDA:40,5,1,0
BRDA:48,6,0,1
BRDA:48,6,1,2
BRDA:55,7,0,2
BRDA:55,7,1,0
BRDA:62,8,0,2
BRDA:62,8,1,2
BRDA:90,9,0,2
BRDA:90,9,1,7
BRDA:90,10,0,9
BRDA:90,10,1,8
BRDA:98,11,0,1
BRDA:98,11,1,5
BRDA:105,12,0,1
BRDA:105,12,1,4
BRDA:113,13,0,1
BRDA:113,13,1,2
BRDA:153,14,0,0
BRDA:153,14,1,0
BRDA:153,15,0,0
BRDA:153,15,1,0
BRDA:164,16,0,0
BRDA:164,16,1,0
BRDA:177,17,0,0
BRDA:177,17,1,0
BRDA:180,18,0,0
BRDA:180,18,1,0
BRF:39
BRH:26
end_of_record
TN:
SF:controller\vehicleController.js
FN:5,(anonymous_0)
FN:61,(anonymous_1)
FN:83,(anonymous_2)
FN:103,(anonymous_3)
FN:116,(anonymous_4)
FN:126,(anonymous_5)
FN:145,(anonymous_6)
FNF:7
FNH:4
FNDA:0,(anonymous_0)
FNDA:3,(anonymous_1)
FNDA:2,(anonymous_2)
FNDA:3,(anonymous_3)
FNDA:0,(anonymous_4)
FNDA:0,(anonymous_5)
FNDA:6,(anonymous_6)
DA:1,6
DA:3,6
DA:5,6
DA:6,0
DA:12,0
DA:14,0
DA:15,0
DA:20,0
DA:21,0
DA:26,0
DA:27,0
DA:29,0
DA:30,0
DA:33,0
DA:43,0
DA:44,0
DA:45,0
DA:49,0
DA:56,0
DA:57,0
DA:61,6
DA:62,3
DA:63,3
DA:64,3
DA:65,3
DA:67,3
DA:80,3
DA:82,2
DA:83,2
DA:85,2
DA:98,1
DA:99,1
DA:103,6
DA:104,3
DA:105,3
DA:106,2
DA:107,1
DA:109,1
DA:111,1
DA:112,1
DA:116,6
DA:117,0
DA:118,0
DA:119,0
DA:121,0
DA:122,0
DA:126,6
DA:127,0
DA:128,0
DA:129,0
DA:130,0
DA:133,0
DA:135,0
DA:140,0
DA:141,0
DA:145,6
DA:146,6
DA:147,6
DA:148,5
DA:149,1
DA:151,4
DA:152,1
DA:154,3
DA:155,3
DA:157,1
DA:158,1
DA:162,6
LF:67
LH:37
BRDA:14,0,0,0
BRDA:14,0,1,0
BRDA:14,1,0,0
BRDA:14,1,1,0
BRDA:14,1,2,0
BRDA:14,1,3,0
BRDA:14,1,4,0
BRDA:14,1,5,0
BRDA:14,1,6,0
BRDA:20,2,0,0
BRDA:20,2,1,0
BRDA:26,3,0,0
BRDA:26,3,1,0
BRDA:29,4,0,0
BRDA:29,4,1,0
BRDA:29,5,0,0
BRDA:29,5,1,0
BRDA:38,6,0,0
BRDA:38,6,1,0
BRDA:39,7,0,0
BRDA:39,7,1,0
BRDA:43,8,0,0
BRDA:43,8,1,0
BRDA:43,9,0,0
BRDA:43,9,1,0
BRDA:63,10,0,3
BRDA:63,10,1,3
BRDA:64,11,0,3
BRDA:64,11,1,3
BRDA:82,12,0,1
BRDA:82,12,1,1
BRDA:106,13,0,1
BRDA:106,13,1,1
BRDA:129,14,0,0
BRDA:129,14,1,0
BRDA:148,15,0,1
BRDA:148,15,1,4
BRDA:151,16,0,1
BRDA:151,16,1,3
BRDA:151,17,0,4
BRDA:151,17,1,1
BRF:41
BRH:14
end_of_record
TN:
SF:database\db.js
FN:12,(anonymous_0)
FN:21,(anonymous_1)
FNF:2
FNH:2
FNDA:5,(anonymous_0)
FNDA:6,(anonymous_1)
DA:1,6
DA:2,6
DA:4,6
DA:12,6
DA:13,5
DA:14,0
DA:16,5
DA:17,5
DA:21,6
DA:23,6
LF:10
LH:9
BRDA:13,0,0,0
BRDA:13,0,1,5
BRF:2
BRH:1
end_of_record
TN:
SF:middleware\authMiddleware.js
FN:4,(anonymous_0)
FN:37,(anonymous_1)
FN:38,(anonymous_2)
FNF:3
FNH:1
FNDA:0,(anonymous_0)
FNDA:27,(anonymous_1)
FNDA:0,(anonymous_2)
DA:1,3
DA:2,3
DA:4,3
DA:5,0
DA:6,0
DA:7,0
DA:8,0
DA:14,0
DA:16,0
DA:18,0
DA:19,0
DA:20,0
DA:26,0
DA:27,0
DA:30,0
DA:37,3
DA:38,27
DA:39,0
DA:40,0
DA:45,0
DA:49,3
LF:21
LH:6
BRDA:7,0,0,0
BRDA:7,0,1,0
BRDA:7,1,0,0
BRDA:7,1,1,0
BRDA:19,2,0,0
BRDA:19,2,1,0
BRDA:39,3,0,0
BRDA:39,3,1,0
BRF:8
BRH:0
end_of_record
TN:
SF:middleware\passport.js
FN:11,(anonymous_0)
FNF:1
FNH:0
FNDA:0,(anonymous_0)
DA:1,6
DA:2,6
DA:4,6
DA:12,0
DA:18,0
DA:22,6
LF:6
LH:4
BRDA:16,0,0,0
BRDA:16,0,1,0
BRF:2
BRH:0
end_of_record
TN:
SF:middleware\uploadMiddleware.js
FNF:0
FNH:0
DA:1,5
DA:2,5
DA:3,5
DA:5,5
DA:11,5
DA:20,5
DA:25,5
LF:7
LH:7
BRF:0
BRH:0
end_of_record
TN:
SF:model\adminModel.js
FN:3,(anonymous_0)
FN:14,(anonymous_1)
FN:22,(anonymous_2)
FN:27,(anonymous_3)
FN:35,(anonymous_4)
FN:43,(anonymous_5)
FN:59,(anonymous_6)
FNF:7
FNH:0
FNDA:0,(anonymous_0)
FNDA:0,(anonymous_1)
FNDA:0,(anonymous_2)
FNDA:0,(anonymous_3)
FNDA:0,(anonymous_4)
FNDA:0,(anonymous_5)
FNDA:0,(anonymous_6)
DA:1,6
DA:3,6
DA:4,0
DA:11,0
DA:14,6
DA:15,0
DA:19,0
DA:22,6
DA:23,0
DA:24,0
DA:27,6
DA:28,0
DA:32,0
DA:35,6
DA:36,0
DA:40,0
DA:43,6
DA:44,0
DA:45,0
DA:46,0
DA:47,0
DA:48,0
DA:50,0
DA:59,6
DA:60,0
DA:69,0
DA:72,6
LF:27
LH:9
BRF:0
BRH:0
end_of_record
TN:
SF:model\bookingModel.js
FN:3,(anonymous_0)
FN:15,(anonymous_1)
FN:39,(anonymous_2)
FN:53,(anonymous_3)
FN:69,(anonymous_4)
FN:78,(anonymous_5)
FN:92,(anonymous_6)
FN:100,(anonymous_7)
FNF:8
FNH:0
FNDA:0,(anonymous_0)
FNDA:0,(anonymous_1)
FNDA:0,(anonymous_2)
FNDA:0,(anonymous_3)
FNDA:0,(anonymous_4)
FNDA:0,(anonymous_5)
FNDA:0,(anonymous_6)
FNDA:0,(anonymous_7)
DA:1,4
DA:3,4
DA:4,0
DA:12,0
DA:15,4
DA:21,0
DA:23,0
DA:36,0
DA:39,4
DA:40,0
DA:50,0
DA:53,4
DA:54,0
DA:66,0
DA:69,4
DA:70,0
DA:75,0
DA:78,4
DA:79,0
DA:89,0
DA:92,4
DA:93,0
DA:97,0
DA:100,4
DA:101,0
DA:105,0
DA:108,4
LF:27
LH:10
BRDA:33,0,0,0
BRDA:33,0,1,0
BRDA:34,1,0,0
BRDA:34,1,1,0
BRF:4
BRH:0
end_of_record
TN:
SF:model\disputeModel.js
FN:3,(anonymous_0)
FN:12,(anonymous_1)
FN:17,(anonymous_2)
FN:30,(anonymous_3)
FNF:4
FNH:0
FNDA:0,(anonymous_0)
FNDA:0,(anonymous_1)
FNDA:0,(anonymous_2)
FNDA:0,(anonymous_3)
DA:1,6
DA:3,6
DA:4,0
DA:9,0
DA:12,6
DA:13,0
DA:14,0
DA:17,6
DA:18,0
DA:27,0
DA:30,6
DA:31,0
DA:36,0
DA:39,6
LF:14
LH:6
BRF:0
BRH:0
end_of_record
TN:
SF:model\messageModel.js
FN:3,(anonymous_0)
FN:12,(anonymous_1)
FN:24,(anonymous_2)
FN:31,(anonymous_3)
FNF:4
FNH:0
FNDA:0,(anonymous_0)
FNDA:0,(anonymous_1)
FNDA:0,(anonymous_2)
FNDA:0,(anonymous_3)
DA:1,6
DA:3,6
DA:4,0
DA:9,0
DA:12,6
DA:13,0
DA:21,0
DA:24,6
DA:25,0
DA:31,6
DA:32,0
DA:48,0
DA:51,6
LF:13
LH:6
BRF:0
BRH:0
end_of_record
TN:
SF:model\notificationModel.js
FN:3,(anonymous_0)
FN:12,(anonymous_1)
FN:20,(anonymous_2)
FN:28,(anonymous_3)
FN:32,(anonymous_4)
FNF:5
FNH:0
FNDA:0,(anonymous_0)
FNDA:0,(anonymous_1)
FNDA:0,(anonymous_2)
FNDA:0,(anonymous_3)
FNDA:0,(anonymous_4)
DA:1,4
DA:3,4
DA:4,0
DA:9,0
DA:12,4
DA:13,0
DA:17,0
DA:20,4
DA:21,0
DA:25,0
DA:28,4
DA:29,0
DA:32,4
DA:33,0
DA:36,4
LF:15
LH:7
BRDA:7,0,0,0
BRDA:7,0,1,0
BRF:2
BRH:0
end_of_record
TN:
SF:model\paymentModel.js
FN:3,(anonymous_0)
FN:13,(anonymous_1)
FN:21,(anonymous_2)
FN:29,(anonymous_3)
FN:37,(anonymous_4)
FNF:5
FNH:0
FNDA:0,(anonymous_0)
FNDA:0,(anonymous_1)
FNDA:0,(anonymous_2)
FNDA:0,(anonymous_3)
FNDA:0,(anonymous_4)
DA:1,6
DA:3,6
DA:4,0
DA:10,0
DA:13,6
DA:14,0
DA:18,0
DA:21,6
DA:22,0
DA:26,0
DA:29,6
DA:30,0
DA:34,0
DA:37,6
DA:38,0
DA:42,0
DA:45,6
LF:17
LH:7
BRDA:40,0,0,0
BRDA:40,0,1,0
BRF:2
BRH:0
end_of_record
TN:
SF:model\reviewModel.js
FN:3,(anonymous_0)
FN:13,(anonymous_1)
FN:25,(anonymous_2)
FN:33,(anonymous_3)
FN:38,(anonymous_4)
FNF:5
FNH:0
FNDA:0,(anonymous_0)
FNDA:0,(anonymous_1)
FNDA:0,(anonymous_2)
FNDA:0,(anonymous_3)
FNDA:0,(anonymous_4)
DA:1,6
DA:3,6
DA:4,0
DA:5,0
DA:10,0
DA:13,6
DA:14,0
DA:22,0
DA:25,6
DA:26,0
DA:30,0
DA:33,6
DA:34,0
DA:35,0
DA:38,6
DA:39,0
DA:43,0
DA:46,6
LF:18
LH:7
BRDA:8,0,0,0
BRDA:8,0,1,0
BRF:2
BRH:0
end_of_record
TN:
SF:model\userModel.js
FN:3,(anonymous_0)
FN:12,(anonymous_1)
FN:21,(anonymous_2)
FN:31,(anonymous_3)
FN:42,(anonymous_4)
FN:52,(anonymous_5)
FN:56,(anonymous_6)
FN:63,(anonymous_7)
FN:68,(anonymous_8)
FN:78,(anonymous_9)
FNF:10
FNH:0
FNDA:0,(anonymous_0)
FNDA:0,(anonymous_1)
FNDA:0,(anonymous_2)
FNDA:0,(anonymous_3)
FNDA:0,(anonymous_4)
FNDA:0,(anonymous_5)
FNDA:0,(anonymous_6)
FNDA:0,(anonymous_7)
FNDA:0,(anonymous_8)
FNDA:0,(anonymous_9)
DA:1,4
DA:3,4
DA:4,0
DA:8,0
DA:12,4
DA:13,0
DA:17,0
DA:21,4
DA:22,0
DA:28,0
DA:31,4
DA:32,0
DA:36,0
DA:42,4
DA:43,0
DA:49,0
DA:52,4
DA:53,0
DA:56,4
DA:57,0
DA:63,4
DA:64,0
DA:65,0
DA:68,4
DA:69,0
DA:75,0
DA:78,4
DA:79,0
DA:82,4
LF:29
LH:12
BRDA:26,0,0,0
BRDA:26,0,1,0
BRDA:26,1,0,0
BRDA:26,1,1,0
BRDA:73,2,0,0
BRDA:73,2,1,0
BRF:6
BRH:0
end_of_record
TN:
SF:model\vehicleModel.js
FN:4,(anonymous_0)
FN:26,(anonymous_1)
FN:96,(anonymous_2)
FN:110,(anonymous_3)
FN:121,(anonymous_4)
FN:125,(anonymous_5)
FN:136,(anonymous_6)
FN:139,(anonymous_7)
FNF:8
FNH:0
FNDA:0,(anonymous_0)
FNDA:0,(anonymous_1)
FNDA:0,(anonymous_2)
FNDA:0,(anonymous_3)
FNDA:0,(anonymous_4)
FNDA:0,(anonymous_5)
FNDA:0,(anonymous_6)
FNDA:0,(anonymous_7)
DA:1,4
DA:4,4
DA:9,0
DA:11,0
DA:22,0
DA:26,4
DA:31,0
DA:33,0
DA:34,0
DA:36,0
DA:37,0
DA:38,0
DA:40,0
DA:41,0
DA:42,0
DA:44,0
DA:45,0
DA:46,0
DA:48,0
DA:49,0
DA:50,0
DA:52,0
DA:53,0
DA:54,0
DA:56,0
DA:57,0
DA:58,0
DA:60,0
DA:61,0
DA:63,0
DA:64,0
DA:67,0
DA:73,0
DA:75,0
DA:76,0
DA:77,0
DA:78,0
DA:80,0
DA:91,0
DA:92,0
DA:96,4
DA:97,0
DA:106,0
DA:110,4
DA:111,0
DA:117,0
DA:121,4
DA:122,0
DA:123,0
DA:125,4
DA:126,0
DA:134,0
DA:136,4
DA:137,0
DA:139,4
DA:140,0
DA:146,4
LF:57
LH:10
BRDA:19,0,0,0
BRDA:19,0,1,0
BRDA:19,1,0,0
BRDA:19,1,1,0
BRDA:19,2,0,0
BRDA:19,2,1,0
BRDA:20,3,0,0
BRDA:20,3,1,0
BRDA:36,4,0,0
BRDA:36,4,1,0
BRDA:40,5,0,0
BRDA:40,5,1,0
BRDA:44,6,0,0
BRDA:44,6,1,0
BRDA:48,7,0,0
BRDA:48,7,1,0
BRDA:52,8,0,0
BRDA:52,8,1,0
BRDA:56,9,0,0
BRDA:56,9,1,0
BRDA:60,10,0,0
BRDA:60,10,1,0
BRDA:63,11,0,0
BRDA:63,11,1,0
BRDA:73,12,0,0
BRDA:73,12,1,0
BRF:26
BRH:0
end_of_record
TN:
SF:route\adminRoute.jS
FNF:0
FNH:0
DA:1,6
DA:2,6
DA:7,6
DA:9,6
DA:11,6
DA:13,6
DA:14,6
DA:15,6
DA:16,6
DA:17,6
DA:18,6
DA:20,6
LF:12
LH:12
BRF:0
BRH:0
end_of_record
TN:
SF:route\bookingRoute.js
FNF:0
FNH:0
DA:1,6
DA:2,6
DA:11,6
DA:13,6
DA:15,6
DA:16,6
DA:17,6
DA:18,6
DA:19,6
DA:20,6
DA:22,6
LF:11
LH:11
BRF:0
BRH:0
end_of_record
TN:
SF:route\disputeRoute.js
FNF:0
FNH:0
DA:1,6
DA:2,6
DA:4,6
DA:5,6
DA:7,6
DA:8,6
DA:9,6
DA:11,6
LF:8
LH:8
BRF:0
BRH:0
end_of_record
TN:
SF:route\messageRoute.js
FNF:0
FNH:0
DA:1,6
DA:2,6
DA:4,6
DA:5,6
DA:7,6
DA:8,6
DA:9,6
DA:11,6
LF:8
LH:8
BRF:0
BRH:0
end_of_record
TN:
SF:route\notificationRoute.js
FNF:0
FNH:0
DA:1,6
DA:2,6
DA:4,6
DA:5,6
DA:7,6
DA:8,6
DA:9,6
DA:11,6
LF:8
LH:8
BRF:0
BRH:0
end_of_record
TN:
SF:route\paymentRoute.js
FNF:0
FNH:0
DA:1,6
DA:2,6
DA:3,6
DA:4,6
DA:6,6
DA:7,6
DA:8,6
DA:10,6
LF:8
LH:8
BRF:0
BRH:0
end_of_record
TN:
SF:route\reviewRoute.js
FNF:0
FNH:0
DA:1,6
DA:2,6
DA:4,6
DA:5,6
DA:7,6
DA:8,6
DA:9,6
DA:11,6
LF:8
LH:8
BRF:0
BRH:0
end_of_record
TN:
SF:route\userRoute.js
FNF:0
FNH:0
DA:1,6
DA:2,6
DA:4,6
DA:5,6
DA:6,6
DA:7,6
DA:9,6
DA:10,6
DA:11,6
DA:12,6
DA:13,6
DA:14,6
DA:15,6
DA:19,6
DA:24,6
DA:26,6
LF:16
LH:16
BRF:0
BRH:0
end_of_record
TN:
SF:route\vehicleRoute.js
FNF:0
FNH:0
DA:1,6
DA:2,6
DA:12,6
DA:14,6
DA:15,6
DA:16,6
DA:18,6
DA:20,6
DA:21,6
DA:23,6
DA:26,6
DA:28,6
LF:12
LH:12
BRF:0
BRH:0
end_of_record
TN:
SF:service\emailService.js
FN:10,(anonymous_0)
FNF:1
FNH:0
FNDA:0,(anonymous_0)
DA:1,6
DA:2,6
DA:10,6
DA:11,0
DA:27,0
DA:28,0
DA:29,0
DA:30,0
DA:32,0
DA:33,0
DA:34,0
DA:38,6
LF:12
LH:4
BRF:0
BRH:0
end_of_record
TN:
SF:service\pdfService.js
FN:3,(anonymous_0)
FN:51,(anonymous_1)
FN:107,(anonymous_2)
FNF:3
FNH:0
FNDA:0,(anonymous_0)
FNDA:0,(anonymous_1)
FNDA:0,(anonymous_2)
DA:1,4
DA:3,4
DA:4,0
DA:6,0
DA:7,0
DA:11,0
DA:13,0
DA:15,0
DA:18,0
DA:20,0
DA:22,0
DA:27,0
DA:29,0
DA:30,0
DA:36,0
DA:38,0
DA:39,0
DA:43,0
DA:44,0
DA:48,0
DA:50,0
DA:51,0
DA:52,0
DA:58,0
DA:59,0
DA:62,0
DA:64,0
DA:66,0
DA:67,0
DA:69,0
DA:70,0
DA:71,0
DA:73,0
DA:74,0
DA:75,0
DA:78,0
DA:79,0
DA:80,0
DA:81,0
DA:82,0
DA:83,0
DA:85,0
DA:86,0
DA:88,0
DA:92,0
DA:93,0
DA:94,0
DA:96,0
DA:97,0
DA:98,0
DA:106,0
DA:107,0
DA:108,0
DA:109,0
DA:112,0
DA:113,0
DA:114,0
DA:116,0
DA:119,0
DA:120,0
DA:121,0
DA:122,0
DA:123,0
DA:127,0
DA:130,0
DA:133,4
LF:66
LH:3
BRDA:41,0,0,0
BRDA:41,0,1,0
BRDA:46,1,0,0
BRDA:46,1,1,0
BRDA:56,2,0,0
BRDA:56,2,1,0
BRDA:58,3,0,0
BRDA:58,3,1,0
BRDA:73,4,0,0
BRDA:73,4,1,0
BRDA:73,5,0,0
BRDA:73,5,1,0
BRF:12
BRH:0
end_of_record
